Adding STA 173with address06-04-0c:00:00:01 in AP 1 to Priority 1
Adding STA 158with address06-04-0c:00:00:02 in AP 1 to Priority 1
Adding STA 188with address06-04-0c:00:00:03 in AP 1 to Priority 1
Adding STA 172with address06-04-0c:00:00:04 in AP 1 to Priority 1
Adding STA 174with address06-04-0c:00:00:05 in AP 1 to Priority 1
Adding STA 159with address06-04-0c:00:00:06 in AP 1 to Priority 2
Adding STA 157with address06-04-0c:00:00:07 in AP 1 to Priority 2
Adding STA 143with address06-04-0c:00:00:08 in AP 1 to Priority 2
Adding STA 189with address06-04-0c:00:00:09 in AP 1 to Priority 2
Adding STA 187with address06-04-0c:00:00:0a in AP 1 to Priority 2
Adding STA 203with address06-04-0c:00:00:0b in AP 1 to Priority 3
Adding STA 142with address06-04-0c:00:00:0c in AP 1 to Priority 3
Adding STA 144with address06-04-0c:00:00:0d in AP 1 to Priority 3
Adding STA 202with address06-04-0c:00:00:0e in AP 1 to Priority 3
Adding STA 204with address06-04-0c:00:00:0f in AP 1 to Priority 3
Adding STA 128with address06-04-0c:00:00:10 in AP 1 to Priority 4
Adding STA 175with address06-04-0c:00:00:11 in AP 1 to Priority 4
Adding STA 171with address06-04-0c:00:00:12 in AP 1 to Priority 4
Adding STA 160with address06-04-0c:00:00:13 in AP 1 to Priority 4
Adding STA 156with address06-04-0c:00:00:14 in AP 1 to Priority 4
Adding STA 58with address06-04-0c:00:01:01 in AP 3 to Priority 1
Adding STA 73with address06-04-0c:00:01:02 in AP 3 to Priority 1
Adding STA 43with address06-04-0c:00:01:03 in AP 3 to Priority 1
Adding STA 57with address06-04-0c:00:01:04 in AP 3 to Priority 1
Adding STA 59with address06-04-0c:00:01:05 in AP 3 to Priority 1
Adding STA 74with address06-04-0c:00:01:06 in AP 3 to Priority 2
Adding STA 72with address06-04-0c:00:01:07 in AP 3 to Priority 2
Adding STA 88with address06-04-0c:00:01:08 in AP 3 to Priority 2
Adding STA 42with address06-04-0c:00:01:09 in AP 3 to Priority 2
Adding STA 44with address06-04-0c:00:01:0a in AP 3 to Priority 2
Adding STA 28with address06-04-0c:00:01:0b in AP 3 to Priority 3
Adding STA 87with address06-04-0c:00:01:0c in AP 3 to Priority 3
Adding STA 89with address06-04-0c:00:01:0d in AP 3 to Priority 3
Adding STA 27with address06-04-0c:00:01:0e in AP 3 to Priority 3
Adding STA 29with address06-04-0c:00:01:0f in AP 3 to Priority 3
Adding STA 103with address06-04-0c:00:01:10 in AP 3 to Priority 4
Adding STA 60with address06-04-0c:00:01:11 in AP 3 to Priority 4
Adding STA 56with address06-04-0c:00:01:12 in AP 3 to Priority 4
Adding STA 75with address06-04-0c:00:01:13 in AP 3 to Priority 4
Adding STA 71with address06-04-0c:00:01:14 in AP 3 to Priority 4
Adding STA 196with address06-04-0c:00:02:01 in AP 5 to Priority 1
Adding STA 197with address06-04-0c:00:02:02 in AP 5 to Priority 1
Adding STA 182with address06-04-0c:00:02:03 in AP 5 to Priority 1
Adding STA 198with address06-04-0c:00:02:04 in AP 5 to Priority 1
Adding STA 167with address06-04-0c:00:02:05 in AP 5 to Priority 1
Adding STA 151with address06-04-0c:00:02:06 in AP 5 to Priority 2
Adding STA 183with address06-04-0c:00:02:07 in AP 5 to Priority 2
Adding STA 199with address06-04-0c:00:02:08 in AP 5 to Priority 2
Adding STA 152with address06-04-0c:00:02:09 in AP 5 to Priority 2
Adding STA 168with address06-04-0c:00:02:0a in AP 5 to Priority 2
Adding STA 136with address06-04-0c:00:02:0b in AP 5 to Priority 3
Adding STA 184with address06-04-0c:00:02:0c in AP 5 to Priority 3
Adding STA 116with address06-04-0c:00:02:0d in AP 5 to Priority 3
Adding STA 120with address06-04-0c:00:02:0e in AP 5 to Priority 3
Adding STA 137with address06-04-0c:00:02:0f in AP 5 to Priority 3
Adding STA 153with address06-04-0c:00:02:10 in AP 5 to Priority 4
Adding STA 121with address06-04-0c:00:02:11 in AP 5 to Priority 4
Adding STA 115with address06-04-0c:00:02:12 in AP 5 to Priority 4
Adding STA 169with address06-04-0c:00:02:13 in AP 5 to Priority 4
Adding STA 200with address06-04-0c:00:02:14 in AP 5 to Priority 4
Adding Ue 53with address 7.0.0.2 in AP 0 to Priority 1with GBR: 0 and PDB: 100
Adding Ue 68with address 7.0.0.3 in AP 0 to Priority 1with GBR: 0 and PDB: 100
Adding Ue 38with address 7.0.0.4 in AP 0 to Priority 1with GBR: 0 and PDB: 100
Adding Ue 54with address 7.0.0.5 in AP 0 to Priority 1with GBR: 0 and PDB: 100
Adding Ue 52with address 7.0.0.6 in AP 0 to Priority 1with GBR: 0 and PDB: 100
Adding Ue 67with address 7.0.0.7 in AP 0 to Priority 2with GBR: 1000000 and PDB: 150
Adding Ue 69with address 7.0.0.8 in AP 0 to Priority 2with GBR: 1000000 and PDB: 150
Adding Ue 83with address 7.0.0.9 in AP 0 to Priority 2with GBR: 1000000 and PDB: 150
Adding Ue 37with address 7.0.0.10 in AP 0 to Priority 2with GBR: 1000000 and PDB: 150
Adding Ue 39with address 7.0.0.11 in AP 0 to Priority 2with GBR: 1000000 and PDB: 150
Adding Ue 23with address 7.0.0.12 in AP 0 to Priority 3with GBR: 5000000 and PDB: 300
Adding Ue 82with address 7.0.0.13 in AP 0 to Priority 3with GBR: 5000000 and PDB: 300
Adding Ue 84with address 7.0.0.14 in AP 0 to Priority 3with GBR: 5000000 and PDB: 300
Adding Ue 24with address 7.0.0.15 in AP 0 to Priority 3with GBR: 5000000 and PDB: 300
Adding Ue 22with address 7.0.0.16 in AP 0 to Priority 3with GBR: 5000000 and PDB: 300
Adding Ue 98with address 7.0.0.17 in AP 0 to Priority 4with GBR: 0 and PDB: 300
Adding Ue 51with address 7.0.0.18 in AP 0 to Priority 4with GBR: 0 and PDB: 300
Adding Ue 55with address 7.0.0.19 in AP 0 to Priority 4with GBR: 0 and PDB: 300
Adding Ue 66with address 7.0.0.20 in AP 0 to Priority 4with GBR: 0 and PDB: 300
Adding Ue 70with address 7.0.0.21 in AP 0 to Priority 4with GBR: 0 and PDB: 300
Adding Ue 205with address 7.0.0.22 in AP 2 to Priority 1with GBR: 0 and PDB: 100
Adding Ue 201with address 7.0.0.23 in AP 2 to Priority 1with GBR: 0 and PDB: 100
Adding Ue 186with address 7.0.0.24 in AP 2 to Priority 1with GBR: 0 and PDB: 100
Adding Ue 190with address 7.0.0.25 in AP 2 to Priority 1with GBR: 0 and PDB: 100
Adding Ue 191with address 7.0.0.26 in AP 2 to Priority 1with GBR: 0 and PDB: 100
Adding Ue 176with address 7.0.0.27 in AP 2 to Priority 2with GBR: 1000000 and PDB: 150
Adding Ue 192with address 7.0.0.28 in AP 2 to Priority 2with GBR: 1000000 and PDB: 150
Adding Ue 161with address 7.0.0.29 in AP 2 to Priority 2with GBR: 1000000 and PDB: 150
Adding Ue 177with address 7.0.0.30 in AP 2 to Priority 2with GBR: 1000000 and PDB: 150
Adding Ue 141with address 7.0.0.31 in AP 2 to Priority 2with GBR: 1000000 and PDB: 150
Adding Ue 145with address 7.0.0.32 in AP 2 to Priority 3with GBR: 5000000 and PDB: 300
Adding Ue 193with address 7.0.0.33 in AP 2 to Priority 3with GBR: 5000000 and PDB: 300
Adding Ue 162with address 7.0.0.34 in AP 2 to Priority 3with GBR: 5000000 and PDB: 300
Adding Ue 146with address 7.0.0.35 in AP 2 to Priority 3with GBR: 5000000 and PDB: 300
Adding Ue 129with address 7.0.0.36 in AP 2 to Priority 3with GBR: 5000000 and PDB: 300
Adding Ue 127with address 7.0.0.37 in AP 2 to Priority 4with GBR: 0 and PDB: 300
Adding Ue 178with address 7.0.0.38 in AP 2 to Priority 4with GBR: 0 and PDB: 300
Adding Ue 126with address 7.0.0.39 in AP 2 to Priority 4with GBR: 0 and PDB: 300
Adding Ue 130with address 7.0.0.40 in AP 2 to Priority 4with GBR: 0 and PDB: 300
Adding Ue 194with address 7.0.0.41 in AP 2 to Priority 4with GBR: 0 and PDB: 300
Adding Ue 163with address 7.0.0.42 in AP 4 to Priority 1with GBR: 0 and PDB: 100
Adding Ue 179with address 7.0.0.43 in AP 4 to Priority 1with GBR: 0 and PDB: 100
Adding Ue 164with address 7.0.0.44 in AP 4 to Priority 1with GBR: 0 and PDB: 100
Adding Ue 148with address 7.0.0.45 in AP 4 to Priority 1with GBR: 0 and PDB: 100
Adding Ue 147with address 7.0.0.46 in AP 4 to Priority 1with GBR: 0 and PDB: 100
Adding Ue 149with address 7.0.0.47 in AP 4 to Priority 2with GBR: 1000000 and PDB: 150
Adding Ue 133with address 7.0.0.48 in AP 4 to Priority 2with GBR: 1000000 and PDB: 150
Adding Ue 180with address 7.0.0.49 in AP 4 to Priority 2with GBR: 1000000 and PDB: 150
Adding Ue 165with address 7.0.0.50 in AP 4 to Priority 2with GBR: 1000000 and PDB: 150
Adding Ue 132with address 7.0.0.51 in AP 4 to Priority 2with GBR: 1000000 and PDB: 150
Adding Ue 134with address 7.0.0.52 in AP 4 to Priority 3with GBR: 5000000 and PDB: 300
Adding Ue 195with address 7.0.0.53 in AP 4 to Priority 3with GBR: 5000000 and PDB: 300
Adding Ue 150with address 7.0.0.54 in AP 4 to Priority 3with GBR: 5000000 and PDB: 300
Adding Ue 118with address 7.0.0.55 in AP 4 to Priority 3with GBR: 5000000 and PDB: 300
Adding Ue 117with address 7.0.0.56 in AP 4 to Priority 3with GBR: 5000000 and PDB: 300
Adding Ue 119with address 7.0.0.57 in AP 4 to Priority 4with GBR: 0 and PDB: 300
Adding Ue 135with address 7.0.0.58 in AP 4 to Priority 4with GBR: 0 and PDB: 300
Adding Ue 131with address 7.0.0.59 in AP 4 to Priority 4with GBR: 0 and PDB: 300
Adding Ue 181with address 7.0.0.60 in AP 4 to Priority 4with GBR: 0 and PDB: 300
Adding Ue 166with address 7.0.0.61 in AP 4 to Priority 4with GBR: 0 and PDB: 300
SlotAllocation,0x55dc0e41a910,1,4
SlotAllocation,0x55dc0e48e5e0,1,4
SlotAllocation,0x55dc0e501770,1,4
Simulation Time: +1e-05s real time: 18h, 7m, 20s.
AverageBackoffDelay,0x55dc0e41cd10,25000,0,0
AverageBackoffDelay,0x55dc0e503940,25000,0,0
AverageBackoffDelay,0x55dc0e4907b0,43000,0,0
SlotAllocation,0x55dc0e41a910,2,0
SlotAllocation,0x55dc0e48e5e0,2,0
SlotAllocation,0x55dc0e501770,2,0
LbtCycle,0x55dc0e41cd1001
LbtCycle,0x55dc0e41cd1010
LbtCycle,0x55dc0e41cd1020
LbtCycle,0x55dc0e41cd1030
LbtCycle,0x55dc0e4907b001
LbtCycle,0x55dc0e4907b010
LbtCycle,0x55dc0e4907b020
LbtCycle,0x55dc0e4907b030
LbtCycle,0x55dc0e50394001
LbtCycle,0x55dc0e50394010
LbtCycle,0x55dc0e50394020
LbtCycle,0x55dc0e50394030
AverageBackoffDelay,0x55dc0e503940,1009000,0,0
AverageBackoffDelay,0x55dc0e4907b0,1018000,0,0
AverageBackoffDelay,0x55dc0e41cd10,1052000,0,0
SlotAllocation,0x55dc0e41a910,4,0
SlotAllocation,0x55dc0e48e5e0,4,0
SlotAllocation,0x55dc0e501770,4,0
LbtCycle,0x55dc0e41cd1001
LbtCycle,0x55dc0e41cd1010
LbtCycle,0x55dc0e41cd1020
LbtCycle,0x55dc0e41cd1030
LbtCycle,0x55dc0e4907b001
LbtCycle,0x55dc0e4907b012
LbtCycle,0x55dc0e4907b020
LbtCycle,0x55dc0e4907b030
LbtCycle,0x55dc0e50394001
LbtCycle,0x55dc0e50394012
LbtCycle,0x55dc0e50394020
LbtCycle,0x55dc0e50394030
SlotAllocation,0x55dc0e41a910,5,4
SlotAllocation,0x55dc0e48e5e0,5,4
SlotAllocation,0x55dc0e501770,5,4
AverageBackoffDelay,0x55dc0e41cd10,2018000,0,0
AverageBackoffDelay,0x55dc0e4907b0,2034000,1,0
AverageBackoffDelay,0x55dc0e503940,2034000,1,0
SlotAllocation,0x55dc0e41a910,6,0
SlotAllocation,0x55dc0e48e5e0,6,1
SlotAllocation,0x55dc0e501770,6,1
LbtCycle,0x55dc0e41cd1001
LbtCycle,0x55dc0e41cd1013
LbtCycle,0x55dc0e41cd1020
LbtCycle,0x55dc0e41cd1030
LbtCycle,0x55dc0e4907b001.5
LbtCycle,0x55dc0e4907b012
LbtCycle,0x55dc0e4907b020
LbtCycle,0x55dc0e4907b030
LbtCycle,0x55dc0e50394001
LbtCycle,0x55dc0e50394011.5
LbtCycle,0x55dc0e50394020
LbtCycle,0x55dc0e50394030
SlotAllocation,0x55dc0e41a910,7,4
SlotAllocation,0x55dc0e48e5e0,7,4
SlotAllocation,0x55dc0e501770,7,4
AverageBackoffDelay,0x55dc0e4907b0,3018000,0,0
AverageBackoffDelay,0x55dc0e503940,3018000,1,0
AverageBackoffDelay,0x55dc0e41cd10,3025000,1,0
SlotAllocation,0x55dc0e41a910,8,1
SlotAllocation,0x55dc0e48e5e0,8,0
SlotAllocation,0x55dc0e501770,8,1
LbtCycle,0x55dc0e41cd1001.33333
LbtCycle,0x55dc0e41cd1013
LbtCycle,0x55dc0e41cd1020
LbtCycle,0x55dc0e41cd1030
LbtCycle,0x55dc0e4907b001.5
LbtCycle,0x55dc0e4907b012
LbtCycle,0x55dc0e4907b020
LbtCycle,0x55dc0e4907b030
LbtCycle,0x55dc0e50394002
LbtCycle,0x55dc0e50394011.5
LbtCycle,0x55dc0e50394020
LbtCycle,0x55dc0e50394030
SlotAllocation,0x55dc0e41a910,9,4
SlotAllocation,0x55dc0e48e5e0,9,4
SlotAllocation,0x55dc0e501770,9,4
AverageBackoffDelay,0x55dc0e41cd10,4018000,0,0
AverageBackoffDelay,0x55dc0e503940,4034000,0,0
AverageBackoffDelay,0x55dc0e4907b0,4052000,1,0
SlotAllocation,0x55dc0e41a910,10,0
SlotAllocation,0x55dc0e48e5e0,10,1
SlotAllocation,0x55dc0e501770,10,0
LbtCycle,0x55dc0e41cd1001.33333
LbtCycle,0x55dc0e41cd1012.5
LbtCycle,0x55dc0e41cd1020
LbtCycle,0x55dc0e41cd1030
LbtCycle,0x55dc0e4907b001.66667
LbtCycle,0x55dc0e4907b012
LbtCycle,0x55dc0e4907b020
LbtCycle,0x55dc0e4907b030
LbtCycle,0x55dc0e50394001.66667
LbtCycle,0x55dc0e50394011.5
LbtCycle,0x55dc0e50394020
LbtCycle,0x55dc0e50394030
SlotAllocation,0x55dc0e41a910,11,4
SlotAllocation,0x55dc0e48e5e0,11,4
SlotAllocation,0x55dc0e501770,11,4
AverageBackoffDelay,0x55dc0e4907b0,5018000,0,0
AverageBackoffDelay,0x55dc0e41cd10,5025000,1,0
AverageBackoffDelay,0x55dc0e503940,5043000,0,0
SlotAllocation,0x55dc0e41a910,12,1
SlotAllocation,0x55dc0e48e5e0,12,0
SlotAllocation,0x55dc0e501770,12,0
LbtCycle,0x55dc0e41cd1001.5
LbtCycle,0x55dc0e41cd1012.5
LbtCycle,0x55dc0e41cd1020
LbtCycle,0x55dc0e41cd1030
LbtCycle,0x55dc0e4907b001.66667
LbtCycle,0x55dc0e4907b012
LbtCycle,0x55dc0e4907b026
LbtCycle,0x55dc0e4907b030
LbtCycle,0x55dc0e50394001.5
LbtCycle,0x55dc0e50394011.5
LbtCycle,0x55dc0e50394020
LbtCycle,0x55dc0e50394030
SlotAllocation,0x55dc0e41a910,13,4
SlotAllocation,0x55dc0e48e5e0,13,4
SlotAllocation,0x55dc0e501770,13,4
AverageBackoffDelay,0x55dc0e503940,6011000,0,0
AverageBackoffDelay,0x55dc0e41cd10,6031000,0,0
AverageBackoffDelay,0x55dc0e4907b0,6034000,2,0
SlotAllocation,0x55dc0e41a910,14,0
SlotAllocation,0x55dc0e48e5e0,14,2
SlotAllocation,0x55dc0e501770,14,0
LbtCycle,0x55dc0e41cd1001.5
LbtCycle,0x55dc0e41cd1012.5
LbtCycle,0x55dc0e41cd1027
LbtCycle,0x55dc0e41cd1030
LbtCycle,0x55dc0e4907b001.66667
LbtCycle,0x55dc0e4907b012.33333
LbtCycle,0x55dc0e4907b026
LbtCycle,0x55dc0e4907b030
LbtCycle,0x55dc0e50394001.5
LbtCycle,0x55dc0e50394012.33333
LbtCycle,0x55dc0e50394020
LbtCycle,0x55dc0e50394030
SlotAllocation,0x55dc0e41a910,15,4
SlotAllocation,0x55dc0e48e5e0,15,4
SlotAllocation,0x55dc0e501770,15,4
AverageBackoffDelay,0x55dc0e41cd10,7014000,2,0
AverageBackoffDelay,0x55dc0e4907b0,7018000,1,0
AverageBackoffDelay,0x55dc0e503940,7025000,1,0
SlotAllocation,0x55dc0e41a910,16,2
SlotAllocation,0x55dc0e48e5e0,16,1
SlotAllocation,0x55dc0e501770,16,1
LbtCycle,0x55dc0e41cd1001.5
LbtCycle,0x55dc0e41cd1012.66667
LbtCycle,0x55dc0e41cd1027
LbtCycle,0x55dc0e41cd1030
LbtCycle,0x55dc0e4907b002
LbtCycle,0x55dc0e4907b012.33333
LbtCycle,0x55dc0e4907b026
LbtCycle,0x55dc0e4907b030
LbtCycle,0x55dc0e50394001.5
LbtCycle,0x55dc0e50394012
LbtCycle,0x55dc0e50394020
LbtCycle,0x55dc0e50394030
SlotAllocation,0x55dc0e41a910,17,4
SlotAllocation,0x55dc0e48e5e0,17,4
SlotAllocation,0x55dc0e501770,17,4
AverageBackoffDelay,0x55dc0e41cd10,8007000,1,0
AverageBackoffDelay,0x55dc0e503940,8009000,1,0
AverageBackoffDelay,0x55dc0e4907b0,8025000,0,0
SlotAllocation,0x55dc0e41a910,18,1
SlotAllocation,0x55dc0e48e5e0,18,0
SlotAllocation,0x55dc0e501770,18,1
LbtCycle,0x55dc0e41cd1001.8
LbtCycle,0x55dc0e41cd1012.66667
LbtCycle,0x55dc0e41cd1027
LbtCycle,0x55dc0e41cd1030
LbtCycle,0x55dc0e4907b001.8
LbtCycle,0x55dc0e4907b012.33333
LbtCycle,0x55dc0e4907b026
LbtCycle,0x55dc0e4907b030
LbtCycle,0x55dc0e50394001.8
LbtCycle,0x55dc0e50394012
LbtCycle,0x55dc0e50394020
LbtCycle,0x55dc0e50394030
SlotAllocation,0x55dc0e41a910,19,4
SlotAllocation,0x55dc0e48e5e0,19,4
SlotAllocation,0x55dc0e501770,19,4
AverageBackoffDelay,0x55dc0e4907b0,9025000,0,0
AverageBackoffDelay,0x55dc0e503940,9025000,0,0
AverageBackoffDelay,0x55dc0e41cd10,9034000,0,0
SlotAllocation,0x55dc0e41a910,20,0
SlotAllocation,0x55dc0e48e5e0,20,0
SlotAllocation,0x55dc0e501770,20,0
LbtCycle,0x55dc0e41cd1001.66667
LbtCycle,0x55dc0e41cd1012.66667
LbtCycle,0x55dc0e41cd1027
LbtCycle,0x55dc0e41cd1030
LbtCycle,0x55dc0e4907b001.66667
LbtCycle,0x55dc0e4907b012.33333
LbtCycle,0x55dc0e4907b026
LbtCycle,0x55dc0e4907b030
LbtCycle,0x55dc0e50394001.66667
LbtCycle,0x55dc0e50394012
LbtCycle,0x55dc0e50394020
LbtCycle,0x55dc0e50394030
SlotAllocation,0x55dc0e41a910,21,4
SlotAllocation,0x55dc0e48e5e0,21,4
SlotAllocation,0x55dc0e501770,21,4
Simulation Time: +0.01001s real time: 18h, 7m, 21s.
AverageBackoffDelay,0x55dc0e4907b0,10029000,0,0
AverageBackoffDelay,0x55dc0e41cd10,10043000,0,0
AverageBackoffDelay,0x55dc0e503940,10052000,0,0
SlotAllocation,0x55dc0e41a910,22,0
SlotAllocation,0x55dc0e48e5e0,22,0
SlotAllocation,0x55dc0e501770,22,0
LbtCycle,0x55dc0e41cd1001.66667
LbtCycle,0x55dc0e41cd1012.66667
LbtCycle,0x55dc0e41cd1025.5
LbtCycle,0x55dc0e41cd1030
LbtCycle,0x55dc0e4907b001.66667
LbtCycle,0x55dc0e4907b012.75
LbtCycle,0x55dc0e4907b026
LbtCycle,0x55dc0e4907b030
LbtCycle,0x55dc0e50394001.57143
LbtCycle,0x55dc0e50394012
LbtCycle,0x55dc0e50394020
LbtCycle,0x55dc0e50394030
SlotAllocation,0x55dc0e41a910,23,4
SlotAllocation,0x55dc0e48e5e0,23,4
SlotAllocation,0x55dc0e501770,23,4
AverageBackoffDelay,0x55dc0e503940,11002000,0,0
AverageBackoffDelay,0x55dc0e41cd10,11009000,2,0
AverageBackoffDelay,0x55dc0e4907b0,11014000,1,0
SlotAllocation,0x55dc0e41a910,24,2
SlotAllocation,0x55dc0e48e5e0,24,1
SlotAllocation,0x55dc0e501770,24,0
LbtCycle,0x55dc0e41cd1001.71429
LbtCycle,0x55dc0e41cd1012.66667
LbtCycle,0x55dc0e41cd1025.5
LbtCycle,0x55dc0e41cd1030
LbtCycle,0x55dc0e4907b001.71429
LbtCycle,0x55dc0e4907b012.75
LbtCycle,0x55dc0e4907b026
LbtCycle,0x55dc0e4907b030
LbtCycle,0x55dc0e50394001.57143
LbtCycle,0x55dc0e50394012.4
LbtCycle,0x55dc0e50394020
LbtCycle,0x55dc0e50394030
SlotAllocation,0x55dc0e41a910,25,4
SlotAllocation,0x55dc0e48e5e0,25,4
SlotAllocation,0x55dc0e501770,25,4
AverageBackoffDelay,0x55dc0e41cd10,12002000,0,0
AverageBackoffDelay,0x55dc0e503940,12002000,1,0
AverageBackoffDelay,0x55dc0e4907b0,12043000,0,0
SlotAllocation,0x55dc0e41a910,26,0
SlotAllocation,0x55dc0e48e5e0,26,0
SlotAllocation,0x55dc0e501770,26,1
LbtCycle,0x55dc0e41cd1001.71429
LbtCycle,0x55dc0e41cd1013.25
LbtCycle,0x55dc0e41cd1025.5
LbtCycle,0x55dc0e41cd1030
LbtCycle,0x55dc0e4907b001.625
LbtCycle,0x55dc0e4907b012.75
LbtCycle,0x55dc0e4907b026
LbtCycle,0x55dc0e4907b030
LbtCycle,0x55dc0e50394001.57143
LbtCycle,0x55dc0e50394012.4
LbtCycle,0x55dc0e503940213
LbtCycle,0x55dc0e50394030
SlotAllocation,0x55dc0e41a910,27,4
SlotAllocation,0x55dc0e48e5e0,27,4
SlotAllocation,0x55dc0e501770,27,4
AverageBackoffDelay,0x55dc0e41cd10,13025000,1,0
AverageBackoffDelay,0x55dc0e4907b0,13025000,0,0
AverageBackoffDelay,0x55dc0e503940,13043000,2,0
SlotAllocation,0x55dc0e41a910,28,1
SlotAllocation,0x55dc0e48e5e0,28,0
SlotAllocation,0x55dc0e501770,28,2
LbtCycle,0x55dc0e41cd1001.75
LbtCycle,0x55dc0e41cd1013.25
LbtCycle,0x55dc0e41cd1025.5
LbtCycle,0x55dc0e41cd1030
LbtCycle,0x55dc0e4907b001.55556
LbtCycle,0x55dc0e4907b012.75
LbtCycle,0x55dc0e4907b026
LbtCycle,0x55dc0e4907b030
LbtCycle,0x55dc0e50394001.57143
LbtCycle,0x55dc0e50394012.33333
LbtCycle,0x55dc0e503940213
LbtCycle,0x55dc0e50394030
SlotAllocation,0x55dc0e41a910,29,4
SlotAllocation,0x55dc0e48e5e0,29,4
SlotAllocation,0x55dc0e501770,29,4
AverageBackoffDelay,0x55dc0e503940,14009000,1,0
AverageBackoffDelay,0x55dc0e41cd10,14036000,0,0
AverageBackoffDelay,0x55dc0e4907b0,14043000,0,0
SlotAllocation,0x55dc0e41a910,30,0
SlotAllocation,0x55dc0e48e5e0,30,0
SlotAllocation,0x55dc0e501770,30,1
LbtCycle,0x55dc0e41cd1001.75
LbtCycle,0x55dc0e41cd1013
LbtCycle,0x55dc0e41cd1025.5
LbtCycle,0x55dc0e41cd1030
LbtCycle,0x55dc0e4907b001.5
LbtCycle,0x55dc0e4907b012.75
LbtCycle,0x55dc0e4907b026
LbtCycle,0x55dc0e4907b030
LbtCycle,0x55dc0e50394001.875
LbtCycle,0x55dc0e50394012.33333
LbtCycle,0x55dc0e503940213
LbtCycle,0x55dc0e50394030
SlotAllocation,0x55dc0e41a910,31,4
SlotAllocation,0x55dc0e48e5e0,31,4
SlotAllocation,0x55dc0e501770,31,4
AverageBackoffDelay,0x55dc0e41cd10,15016000,1,0
AverageBackoffDelay,0x55dc0e503940,15018000,0,0
AverageBackoffDelay,0x55dc0e4907b0,15020000,0,0
SlotAllocation,0x55dc0e41a910,32,1
SlotAllocation,0x55dc0e48e5e0,32,0
SlotAllocation,0x55dc0e501770,32,0
LbtCycle,0x55dc0e41cd1001.77778
LbtCycle,0x55dc0e41cd1013
LbtCycle,0x55dc0e41cd1025.5
LbtCycle,0x55dc0e41cd1030
LbtCycle,0x55dc0e4907b001.5
LbtCycle,0x55dc0e4907b013.2
LbtCycle,0x55dc0e4907b026
LbtCycle,0x55dc0e4907b030
LbtCycle,0x55dc0e50394001.875
LbtCycle,0x55dc0e50394012.33333
LbtCycle,0x55dc0e50394028
LbtCycle,0x55dc0e50394030
SlotAllocation,0x55dc0e41a910,33,4
SlotAllocation,0x55dc0e48e5e0,33,4
SlotAllocation,0x55dc0e501770,33,4
AverageBackoffDelay,0x55dc0e4907b0,16034000,1,0
AverageBackoffDelay,0x55dc0e503940,16034000,2,0
AverageBackoffDelay,0x55dc0e41cd10,16043000,0,0
SlotAllocation,0x55dc0e41a910,34,0
SlotAllocation,0x55dc0e48e5e0,34,1
SlotAllocation,0x55dc0e501770,34,2
LbtCycle,0x55dc0e41cd1001.7
LbtCycle,0x55dc0e41cd1013
LbtCycle,0x55dc0e41cd1025.5
LbtCycle,0x55dc0e41cd1030
LbtCycle,0x55dc0e4907b001.5
LbtCycle,0x55dc0e4907b013.2
LbtCycle,0x55dc0e4907b028.5
LbtCycle,0x55dc0e4907b030
LbtCycle,0x55dc0e50394001.88889
LbtCycle,0x55dc0e50394012.33333
LbtCycle,0x55dc0e50394028
LbtCycle,0x55dc0e50394030
SlotAllocation,0x55dc0e41a910,35,4
SlotAllocation,0x55dc0e48e5e0,35,4
SlotAllocation,0x55dc0e501770,35,4
AverageBackoffDelay,0x55dc0e4907b0,17009000,2,0
AverageBackoffDelay,0x55dc0e41cd10,17025000,0,0
AverageBackoffDelay,0x55dc0e503940,17034000,0,0
SlotAllocation,0x55dc0e41a910,36,0
SlotAllocation,0x55dc0e48e5e0,36,2
SlotAllocation,0x55dc0e501770,36,0
LbtCycle,0x55dc0e41cd1001.63636
LbtCycle,0x55dc0e41cd1013
LbtCycle,0x55dc0e41cd1025.5
LbtCycle,0x55dc0e41cd1030
LbtCycle,0x55dc0e4907b001.63636
LbtCycle,0x55dc0e4907b013.2
LbtCycle,0x55dc0e4907b028.5
LbtCycle,0x55dc0e4907b030
LbtCycle,0x55dc0e50394001.8
LbtCycle,0x55dc0e50394012.33333
LbtCycle,0x55dc0e50394028
LbtCycle,0x55dc0e50394030
SlotAllocation,0x55dc0e41a910,37,4
SlotAllocation,0x55dc0e48e5e0,37,4
SlotAllocation,0x55dc0e501770,37,4
AverageBackoffDelay,0x55dc0e503940,18002000,0,0
AverageBackoffDelay,0x55dc0e41cd10,18025000,0,0
AverageBackoffDelay,0x55dc0e4907b0,18025000,0,0
SlotAllocation,0x55dc0e41a910,38,0
SlotAllocation,0x55dc0e48e5e0,38,0
SlotAllocation,0x55dc0e501770,38,0
LbtCycle,0x55dc0e41cd1001.58333
LbtCycle,0x55dc0e41cd1013
LbtCycle,0x55dc0e41cd1025.5
LbtCycle,0x55dc0e41cd1030
LbtCycle,0x55dc0e4907b001.58333
LbtCycle,0x55dc0e4907b013.2
LbtCycle,0x55dc0e4907b028.5
LbtCycle,0x55dc0e4907b030
LbtCycle,0x55dc0e50394001.8
LbtCycle,0x55dc0e50394012.71429
LbtCycle,0x55dc0e50394028
LbtCycle,0x55dc0e50394030
SlotAllocation,0x55dc0e41a910,39,4
SlotAllocation,0x55dc0e48e5e0,39,4
SlotAllocation,0x55dc0e501770,39,4
AverageBackoffDelay,0x55dc0e4907b0,19002000,0,0
AverageBackoffDelay,0x55dc0e41cd10,19011000,0,0
AverageBackoffDelay,0x55dc0e503940,19043000,1,0
SlotAllocation,0x55dc0e41a910,40,0
SlotAllocation,0x55dc0e48e5e0,40,0
SlotAllocation,0x55dc0e501770,40,1
LbtCycle,0x55dc0e41cd1001.58333
LbtCycle,0x55dc0e41cd1013.33333
LbtCycle,0x55dc0e41cd1025.5
LbtCycle,0x55dc0e41cd1030
LbtCycle,0x55dc0e4907b001.58333
LbtCycle,0x55dc0e4907b013.33333
LbtCycle,0x55dc0e4907b028.5
LbtCycle,0x55dc0e4907b030
LbtCycle,0x55dc0e50394001.81818
LbtCycle,0x55dc0e50394012.71429
LbtCycle,0x55dc0e50394028
LbtCycle,0x55dc0e50394030
SlotAllocation,0x55dc0e41a910,41,4
SlotAllocation,0x55dc0e48e5e0,41,4
SlotAllocation,0x55dc0e501770,41,4
Simulation Time: +0.02001s real time: 18h, 7m, 51s.
AverageBackoffDelay,0x55dc0e4907b0,20025000,1,0
AverageBackoffDelay,0x55dc0e41cd10,20034000,1,0
AverageBackoffDelay,0x55dc0e503940,20043000,0,0
SlotAllocation,0x55dc0e41a910,42,1
SlotAllocation,0x55dc0e48e5e0,42,1
SlotAllocation,0x55dc0e501770,42,0
LbtCycle,0x55dc0e41cd1001.58333
LbtCycle,0x55dc0e41cd1013
LbtCycle,0x55dc0e41cd1025.5
LbtCycle,0x55dc0e41cd1030
LbtCycle,0x55dc0e4907b001.61538
LbtCycle,0x55dc0e4907b013.33333
LbtCycle,0x55dc0e4907b028.5
LbtCycle,0x55dc0e4907b030
LbtCycle,0x55dc0e50394001.75
LbtCycle,0x55dc0e50394012.71429
LbtCycle,0x55dc0e50394028
LbtCycle,0x55dc0e50394030
SlotAllocation,0x55dc0e41a910,43,4
SlotAllocation,0x55dc0e48e5e0,43,4
SlotAllocation,0x55dc0e501770,43,4
AverageBackoffDelay,0x55dc0e41cd10,21004000,1,0
AverageBackoffDelay,0x55dc0e503940,21018000,0,0
AverageBackoffDelay,0x55dc0e4907b0,21043000,0,0
SlotAllocation,0x55dc0e41a910,44,1
SlotAllocation,0x55dc0e48e5e0,44,0
SlotAllocation,0x55dc0e501770,44,0
LbtCycle,0x55dc0e41cd1001.58333
LbtCycle,0x55dc0e41cd1013
LbtCycle,0x55dc0e41cd1027.33333
LbtCycle,0x55dc0e41cd1030
LbtCycle,0x55dc0e4907b001.57143
LbtCycle,0x55dc0e4907b013.33333
LbtCycle,0x55dc0e4907b028.5
LbtCycle,0x55dc0e4907b030
LbtCycle,0x55dc0e50394001.75
LbtCycle,0x55dc0e50394012.75
LbtCycle,0x55dc0e50394028
LbtCycle,0x55dc0e50394030
SlotAllocation,0x55dc0e41a910,45,4
SlotAllocation,0x55dc0e48e5e0,45,4
SlotAllocation,0x55dc0e501770,45,4
AverageBackoffDelay,0x55dc0e4907b0,22009000,0,0
AverageBackoffDelay,0x55dc0e41cd10,22014000,2,0
AverageBackoffDelay,0x55dc0e503940,22020000,1,0
SlotAllocation,0x55dc0e41a910,46,2
SlotAllocation,0x55dc0e48e5e0,46,0
SlotAllocation,0x55dc0e501770,46,1
LbtCycle,0x55dc0e41cd1001.76923
LbtCycle,0x55dc0e41cd1013
LbtCycle,0x55dc0e41cd1027.33333
LbtCycle,0x55dc0e41cd1030
LbtCycle,0x55dc0e4907b001.57143
LbtCycle,0x55dc0e4907b013.33333
LbtCycle,0x55dc0e4907b027.66667
LbtCycle,0x55dc0e4907b030
LbtCycle,0x55dc0e50394001.75
LbtCycle,0x55dc0e50394012.75
LbtCycle,0x55dc0e50394027.66667
LbtCycle,0x55dc0e50394030
SlotAllocation,0x55dc0e41a910,47,4
SlotAllocation,0x55dc0e48e5e0,47,4
SlotAllocation,0x55dc0e501770,47,4
AverageBackoffDelay,0x55dc0e4907b0,23011000,2,0
AverageBackoffDelay,0x55dc0e41cd10,23025000,0,0
AverageBackoffDelay,0x55dc0e503940,23025000,2,0
SlotAllocation,0x55dc0e41a910,48,0
SlotAllocation,0x55dc0e48e5e0,48,2
SlotAllocation,0x55dc0e501770,48,2
LbtCycle,0x55dc0e41cd1001.71429
LbtCycle,0x55dc0e41cd1013
LbtCycle,0x55dc0e41cd1027.33333
LbtCycle,0x55dc0e41cd1030
LbtCycle,0x55dc0e4907b001.57143
LbtCycle,0x55dc0e4907b013.42857
LbtCycle,0x55dc0e4907b027.66667
LbtCycle,0x55dc0e4907b030
LbtCycle,0x55dc0e50394001.84615
LbtCycle,0x55dc0e50394012.75
LbtCycle,0x55dc0e50394027.66667
LbtCycle,0x55dc0e50394030
SlotAllocation,0x55dc0e41a910,49,4
SlotAllocation,0x55dc0e48e5e0,49,4
SlotAllocation,0x55dc0e501770,49,4
AverageBackoffDelay,0x55dc0e4907b0,24034000,1,0
AverageBackoffDelay,0x55dc0e503940,24034000,0,0
AverageBackoffDelay,0x55dc0e41cd10,24036000,0,0
SlotAllocation,0x55dc0e41a910,50,0
SlotAllocation,0x55dc0e48e5e0,50,1
SlotAllocation,0x55dc0e501770,50,0
LbtCycle,0x55dc0e41cd1001.71429
LbtCycle,0x55dc0e41cd1013.125
LbtCycle,0x55dc0e41cd1027.33333
LbtCycle,0x55dc0e41cd1030
LbtCycle,0x55dc0e4907b001.66667
LbtCycle,0x55dc0e4907b013.42857
LbtCycle,0x55dc0e4907b027.66667
LbtCycle,0x55dc0e4907b030
LbtCycle,0x55dc0e50394001.78571
LbtCycle,0x55dc0e50394012.75
LbtCycle,0x55dc0e50394027.66667
LbtCycle,0x55dc0e50394030
SlotAllocation,0x55dc0e41a910,51,4
SlotAllocation,0x55dc0e48e5e0,51,4
SlotAllocation,0x55dc0e501770,51,4
AverageBackoffDelay,0x55dc0e41cd10,25007000,1,0
AverageBackoffDelay,0x55dc0e503940,25020000,0,0
AverageBackoffDelay,0x55dc0e4907b0,25036000,0,0
SlotAllocation,0x55dc0e41a910,52,1
SlotAllocation,0x55dc0e48e5e0,52,0
SlotAllocation,0x55dc0e501770,52,0
LbtCycle,0x55dc0e41cd1001.73333
LbtCycle,0x55dc0e41cd1013.125
LbtCycle,0x55dc0e41cd1027.33333
LbtCycle,0x55dc0e41cd1030
LbtCycle,0x55dc0e4907b001.66667
LbtCycle,0x55dc0e4907b013.25
LbtCycle,0x55dc0e4907b027.66667
LbtCycle,0x55dc0e4907b030
LbtCycle,0x55dc0e50394001.78571
LbtCycle,0x55dc0e50394012.88889
LbtCycle,0x55dc0e50394027.66667
LbtCycle,0x55dc0e50394030
SlotAllocation,0x55dc0e41a910,53,4
SlotAllocation,0x55dc0e48e5e0,53,4
SlotAllocation,0x55dc0e501770,53,4
AverageBackoffDelay,0x55dc0e4907b0,26007000,1,0
AverageBackoffDelay,0x55dc0e503940,26025000,1,0
AverageBackoffDelay,0x55dc0e41cd10,26052000,0,0
SlotAllocation,0x55dc0e41a910,54,0
SlotAllocation,0x55dc0e48e5e0,54,1
SlotAllocation,0x55dc0e501770,54,1
LbtCycle,0x55dc0e41cd1001.6875
LbtCycle,0x55dc0e41cd1013.125
LbtCycle,0x55dc0e41cd1027.33333
LbtCycle,0x55dc0e41cd1030
LbtCycle,0x55dc0e4907b001.6875
LbtCycle,0x55dc0e4907b013.25
LbtCycle,0x55dc0e4907b027.66667
LbtCycle,0x55dc0e4907b030
LbtCycle,0x55dc0e50394001.8
LbtCycle,0x55dc0e50394012.88889
LbtCycle,0x55dc0e50394027.66667
LbtCycle,0x55dc0e50394030
SlotAllocation,0x55dc0e41a910,55,4
SlotAllocation,0x55dc0e48e5e0,55,4
SlotAllocation,0x55dc0e501770,55,4
AverageBackoffDelay,0x55dc0e41cd10,27018000,0,0
AverageBackoffDelay,0x55dc0e503940,27025000,0,0
AverageBackoffDelay,0x55dc0e4907b0,27052000,0,0
SlotAllocation,0x55dc0e41a910,56,0
SlotAllocation,0x55dc0e48e5e0,56,0
SlotAllocation,0x55dc0e501770,56,0
LbtCycle,0x55dc0e41cd1001.6875
LbtCycle,0x55dc0e41cd1013.11111
LbtCycle,0x55dc0e41cd1027.33333
LbtCycle,0x55dc0e41cd1030
LbtCycle,0x55dc0e4907b001.64706
LbtCycle,0x55dc0e4907b013.25
LbtCycle,0x55dc0e4907b027.66667
LbtCycle,0x55dc0e4907b030
LbtCycle,0x55dc0e50394001.75
LbtCycle,0x55dc0e50394012.88889
LbtCycle,0x55dc0e50394027.66667
LbtCycle,0x55dc0e50394030
SlotAllocation,0x55dc0e41a910,57,4
SlotAllocation,0x55dc0e48e5e0,57,4
SlotAllocation,0x55dc0e501770,57,4
AverageBackoffDelay,0x55dc0e503940,28002000,0,0
AverageBackoffDelay,0x55dc0e4907b0,28025000,0,0
AverageBackoffDelay,0x55dc0e41cd10,28043000,1,0
SlotAllocation,0x55dc0e41a910,58,1
SlotAllocation,0x55dc0e48e5e0,58,0
SlotAllocation,0x55dc0e501770,58,0
LbtCycle,0x55dc0e41cd1001.70588
LbtCycle,0x55dc0e41cd1013.11111
LbtCycle,0x55dc0e41cd1027.33333
LbtCycle,0x55dc0e41cd1030
LbtCycle,0x55dc0e4907b001.61111
LbtCycle,0x55dc0e4907b013.25
LbtCycle,0x55dc0e4907b027.66667
LbtCycle,0x55dc0e4907b030
LbtCycle,0x55dc0e50394001.75
LbtCycle,0x55dc0e50394012.9
LbtCycle,0x55dc0e50394027.66667
LbtCycle,0x55dc0e50394030
SlotAllocation,0x55dc0e41a910,59,4
SlotAllocation,0x55dc0e48e5e0,59,4
SlotAllocation,0x55dc0e501770,59,4
AverageBackoffDelay,0x55dc0e41cd10,29011000,0,0
AverageBackoffDelay,0x55dc0e4907b0,29011000,0,0
AverageBackoffDelay,0x55dc0e503940,29034000,1,0
SlotAllocation,0x55dc0e41a910,60,0
SlotAllocation,0x55dc0e48e5e0,60,0
SlotAllocation,0x55dc0e501770,60,1
LbtCycle,0x55dc0e41cd1001.70588
LbtCycle,0x55dc0e41cd1013.11111
LbtCycle,0x55dc0e41cd1027.5
LbtCycle,0x55dc0e41cd1030
LbtCycle,0x55dc0e4907b001.61111
LbtCycle,0x55dc0e4907b013.33333
LbtCycle,0x55dc0e4907b027.66667
LbtCycle,0x55dc0e4907b030
LbtCycle,0x55dc0e50394001.76471
LbtCycle,0x55dc0e50394012.9
LbtCycle,0x55dc0e50394027.66667
LbtCycle,0x55dc0e50394030
SlotAllocation,0x55dc0e41a910,61,4
SlotAllocation,0x55dc0e48e5e0,61,4
SlotAllocation,0x55dc0e501770,61,4
Simulation Time: +0.03001s real time: 18h, 7m, 52s.
AverageBackoffDelay,0x55dc0e41cd10,30025000,2,0
AverageBackoffDelay,0x55dc0e4907b0,30025000,1,0
AverageBackoffDelay,0x55dc0e503940,30043000,0,0
SlotAllocation,0x55dc0e41a910,62,2
SlotAllocation,0x55dc0e48e5e0,62,1
SlotAllocation,0x55dc0e501770,62,0
LbtCycle,0x55dc0e41cd1001.70588
LbtCycle,0x55dc0e41cd1013.1
LbtCycle,0x55dc0e41cd1027.5
LbtCycle,0x55dc0e41cd1030
LbtCycle,0x55dc0e4907b001.63158
LbtCycle,0x55dc0e4907b013.33333
LbtCycle,0x55dc0e4907b027.66667
LbtCycle,0x55dc0e4907b030
LbtCycle,0x55dc0e50394001.76471
LbtCycle,0x55dc0e50394012.9
LbtCycle,0x55dc0e50394027.75
LbtCycle,0x55dc0e50394030
SlotAllocation,0x55dc0e41a910,63,4
SlotAllocation,0x55dc0e48e5e0,63,4
SlotAllocation,0x55dc0e501770,63,4
AverageBackoffDelay,0x55dc0e503940,31002000,2,0
AverageBackoffDelay,0x55dc0e4907b0,31009000,0,0
AverageBackoffDelay,0x55dc0e41cd10,31018000,1,0
SlotAllocation,0x55dc0e41a910,64,1
SlotAllocation,0x55dc0e48e5e0,64,0
SlotAllocation,0x55dc0e501770,64,2
LbtCycle,0x55dc0e41cd1001.77778
LbtCycle,0x55dc0e41cd1013.1
LbtCycle,0x55dc0e41cd1027.5
LbtCycle,0x55dc0e41cd1030
LbtCycle,0x55dc0e4907b001.63158
LbtCycle,0x55dc0e4907b013.2
LbtCycle,0x55dc0e4907b027.66667
LbtCycle,0x55dc0e4907b030
LbtCycle,0x55dc0e50394001.76471
LbtCycle,0x55dc0e50394012.90909
LbtCycle,0x55dc0e50394027.75
LbtCycle,0x55dc0e50394030
SlotAllocation,0x55dc0e41a910,65,4
SlotAllocation,0x55dc0e48e5e0,65,4
SlotAllocation,0x55dc0e501770,65,4
AverageBackoffDelay,0x55dc0e503940,32007000,1,0
AverageBackoffDelay,0x55dc0e41cd10,32025000,0,0
AverageBackoffDelay,0x55dc0e4907b0,32029000,1,0
SlotAllocation,0x55dc0e41a910,66,0
SlotAllocation,0x55dc0e48e5e0,66,1
SlotAllocation,0x55dc0e501770,66,1
LbtCycle,0x55dc0e41cd1001.77778
LbtCycle,0x55dc0e41cd1013
LbtCycle,0x55dc0e41cd1027.5
LbtCycle,0x55dc0e41cd1030
LbtCycle,0x55dc0e4907b001.63158
LbtCycle,0x55dc0e4907b013.2
LbtCycle,0x55dc0e4907b028.25
LbtCycle,0x55dc0e4907b030
LbtCycle,0x55dc0e50394001.83333
LbtCycle,0x55dc0e50394012.90909
LbtCycle,0x55dc0e50394027.75
LbtCycle,0x55dc0e50394030
SlotAllocation,0x55dc0e41a910,67,4
SlotAllocation,0x55dc0e48e5e0,67,4
SlotAllocation,0x55dc0e501770,67,4
AverageBackoffDelay,0x55dc0e4907b0,33005000,2,0
AverageBackoffDelay,0x55dc0e41cd10,33027000,1,0
AverageBackoffDelay,0x55dc0e503940,33043000,0,0
SlotAllocation,0x55dc0e41a910,68,1
SlotAllocation,0x55dc0e48e5e0,68,2
SlotAllocation,0x55dc0e501770,68,0
LbtCycle,0x55dc0e41cd1001.78947
LbtCycle,0x55dc0e41cd1013
LbtCycle,0x55dc0e41cd1027.5
LbtCycle,0x55dc0e41cd1030
LbtCycle,0x55dc0e4907b001.7
LbtCycle,0x55dc0e4907b013.2
LbtCycle,0x55dc0e4907b028.25
LbtCycle,0x55dc0e4907b030
LbtCycle,0x55dc0e50394001.78947
LbtCycle,0x55dc0e50394012.90909
LbtCycle,0x55dc0e50394027.75
LbtCycle,0x55dc0e50394030
SlotAllocation,0x55dc0e41a910,69,4
SlotAllocation,0x55dc0e48e5e0,69,4
SlotAllocation,0x55dc0e501770,69,4
AverageBackoffDelay,0x55dc0e41cd10,34016000,0,0
AverageBackoffDelay,0x55dc0e503940,34043000,0,0
AverageBackoffDelay,0x55dc0e4907b0,34043000,0,0
SlotAllocation,0x55dc0e41a910,70,0
SlotAllocation,0x55dc0e48e5e0,70,0
SlotAllocation,0x55dc0e501770,70,0
LbtCycle,0x55dc0e41cd1001.78947
LbtCycle,0x55dc0e41cd1012.91667
LbtCycle,0x55dc0e41cd1027.5
LbtCycle,0x55dc0e41cd1030
LbtCycle,0x55dc0e4907b001.7
LbtCycle,0x55dc0e4907b013.2
LbtCycle,0x55dc0e4907b027
LbtCycle,0x55dc0e4907b030
LbtCycle,0x55dc0e50394001.75
LbtCycle,0x55dc0e50394012.90909
LbtCycle,0x55dc0e50394027.75
LbtCycle,0x55dc0e50394030
SlotAllocation,0x55dc0e41a910,71,4
SlotAllocation,0x55dc0e48e5e0,71,4
SlotAllocation,0x55dc0e501770,71,4
AverageBackoffDelay,0x55dc0e4907b0,35002000,2,0
AverageBackoffDelay,0x55dc0e503940,35009000,0,0
AverageBackoffDelay,0x55dc0e41cd10,35043000,1,0
SlotAllocation,0x55dc0e41a910,72,1
SlotAllocation,0x55dc0e48e5e0,72,2
SlotAllocation,0x55dc0e501770,72,0
LbtCycle,0x55dc0e41cd1001.8
LbtCycle,0x55dc0e41cd1012.91667
LbtCycle,0x55dc0e41cd1027.5
LbtCycle,0x55dc0e41cd1030
LbtCycle,0x55dc0e4907b001.7
LbtCycle,0x55dc0e4907b013.27273
LbtCycle,0x55dc0e4907b027
LbtCycle,0x55dc0e4907b030
LbtCycle,0x55dc0e50394001.75
LbtCycle,0x55dc0e50394013
LbtCycle,0x55dc0e50394027.75
LbtCycle,0x55dc0e50394030
SlotAllocation,0x55dc0e41a910,73,4
SlotAllocation,0x55dc0e48e5e0,73,4
SlotAllocation,0x55dc0e501770,73,4
AverageBackoffDelay,0x55dc0e4907b0,36007000,1,0
AverageBackoffDelay,0x55dc0e41cd10,36018000,0,0
AverageBackoffDelay,0x55dc0e503940,36025000,1,0
SlotAllocation,0x55dc0e41a910,74,0
SlotAllocation,0x55dc0e48e5e0,74,1
SlotAllocation,0x55dc0e501770,74,1
LbtCycle,0x55dc0e41cd1001.8
LbtCycle,0x55dc0e41cd1012.84615
LbtCycle,0x55dc0e41cd1027.5
LbtCycle,0x55dc0e41cd1030
LbtCycle,0x55dc0e4907b001.7619
LbtCycle,0x55dc0e4907b013.27273
LbtCycle,0x55dc0e4907b027
LbtCycle,0x55dc0e4907b030
LbtCycle,0x55dc0e50394001.75
LbtCycle,0x55dc0e50394012.84615
LbtCycle,0x55dc0e50394027.75
LbtCycle,0x55dc0e50394030
SlotAllocation,0x55dc0e41a910,75,4
SlotAllocation,0x55dc0e48e5e0,75,4
SlotAllocation,0x55dc0e501770,75,4
AverageBackoffDelay,0x55dc0e503940,37004000,1,0
AverageBackoffDelay,0x55dc0e41cd10,37043000,1,0
AverageBackoffDelay,0x55dc0e4907b0,37043000,0,0
SlotAllocation,0x55dc0e41a910,76,1
SlotAllocation,0x55dc0e48e5e0,76,0
SlotAllocation,0x55dc0e501770,76,1
LbtCycle,0x55dc0e41cd1001.80952
LbtCycle,0x55dc0e41cd1012.84615
LbtCycle,0x55dc0e41cd1027.5
LbtCycle,0x55dc0e41cd1030
LbtCycle,0x55dc0e4907b001.72727
LbtCycle,0x55dc0e4907b013.27273
LbtCycle,0x55dc0e4907b027
LbtCycle,0x55dc0e4907b030
LbtCycle,0x55dc0e50394001.75
LbtCycle,0x55dc0e50394012.84615
LbtCycle,0x55dc0e50394027.6
LbtCycle,0x55dc0e50394030
SlotAllocation,0x55dc0e41a910,77,4
SlotAllocation,0x55dc0e48e5e0,77,4
SlotAllocation,0x55dc0e501770,77,4
AverageBackoffDelay,0x55dc0e503940,38005000,2,0
AverageBackoffDelay,0x55dc0e4907b0,38027000,0,0
AverageBackoffDelay,0x55dc0e41cd10,38036000,0,0
SlotAllocation,0x55dc0e41a910,78,0
SlotAllocation,0x55dc0e48e5e0,78,0
SlotAllocation,0x55dc0e501770,78,2
LbtCycle,0x55dc0e41cd1001.80952
LbtCycle,0x55dc0e41cd1012.78571
LbtCycle,0x55dc0e41cd1027.5
LbtCycle,0x55dc0e41cd1030
LbtCycle,0x55dc0e4907b001.72727
LbtCycle,0x55dc0e4907b013.27273
LbtCycle,0x55dc0e4907b026.5
LbtCycle,0x55dc0e4907b030
LbtCycle,0x55dc0e50394001.85714
LbtCycle,0x55dc0e50394012.84615
LbtCycle,0x55dc0e50394027.6
LbtCycle,0x55dc0e50394030
SlotAllocation,0x55dc0e41a910,79,4
SlotAllocation,0x55dc0e48e5e0,79,4
SlotAllocation,0x55dc0e501770,79,4
AverageBackoffDelay,0x55dc0e41cd10,39007000,1,0
AverageBackoffDelay,0x55dc0e4907b0,39018000,2,0
AverageBackoffDelay,0x55dc0e503940,39043000,0,0
SlotAllocation,0x55dc0e41a910,80,1
SlotAllocation,0x55dc0e48e5e0,80,2
SlotAllocation,0x55dc0e501770,80,0
LbtCycle,0x55dc0e41cd1001.81818
LbtCycle,0x55dc0e41cd1012.78571
LbtCycle,0x55dc0e41cd1027.5
LbtCycle,0x55dc0e41cd1030
LbtCycle,0x55dc0e4907b001.72727
LbtCycle,0x55dc0e4907b013.33333
LbtCycle,0x55dc0e4907b026.5
LbtCycle,0x55dc0e4907b030
LbtCycle,0x55dc0e50394001.81818
LbtCycle,0x55dc0e50394012.84615
LbtCycle,0x55dc0e50394027.6
LbtCycle,0x55dc0e50394030
SlotAllocation,0x55dc0e41a910,81,4
SlotAllocation,0x55dc0e48e5e0,81,4
SlotAllocation,0x55dc0e501770,81,4
AverageBackoffDelay,0x55dc0e4907b0,40007000,1,0
Simulation Time: +0.04001s real time: 18h, 7m, 53s.
AverageBackoffDelay,0x55dc0e503940,40018000,0,0
AverageBackoffDelay,0x55dc0e41cd10,40022000,0,0
SlotAllocation,0x55dc0e41a910,82,0
SlotAllocation,0x55dc0e48e5e0,82,1
SlotAllocation,0x55dc0e501770,82,0
LbtCycle,0x55dc0e41cd1001.81818
LbtCycle,0x55dc0e41cd1012.78571
LbtCycle,0x55dc0e41cd1028.2
LbtCycle,0x55dc0e41cd1030
LbtCycle,0x55dc0e4907b001.78261
LbtCycle,0x55dc0e4907b013.33333
LbtCycle,0x55dc0e4907b026.5
LbtCycle,0x55dc0e4907b030
LbtCycle,0x55dc0e50394001.81818
LbtCycle,0x55dc0e50394012.92857
LbtCycle,0x55dc0e50394027.6
LbtCycle,0x55dc0e50394030
SlotAllocation,0x55dc0e41a910,83,4
SlotAllocation,0x55dc0e48e5e0,83,4
SlotAllocation,0x55dc0e501770,83,4
AverageBackoffDelay,0x55dc0e4907b0,41025000,0,0
AverageBackoffDelay,0x55dc0e503940,41025000,1,0
AverageBackoffDelay,0x55dc0e41cd10,41034000,2,0
SlotAllocation,0x55dc0e41a910,84,2
SlotAllocation,0x55dc0e48e5e0,84,0
SlotAllocation,0x55dc0e501770,84,1
LbtCycle,0x55dc0e41cd1001.81818
LbtCycle,0x55dc0e41cd1012.8
LbtCycle,0x55dc0e41cd1028.2
LbtCycle,0x55dc0e41cd1030
LbtCycle,0x55dc0e4907b001.75
LbtCycle,0x55dc0e4907b013.33333
LbtCycle,0x55dc0e4907b026.5
LbtCycle,0x55dc0e4907b030
LbtCycle,0x55dc0e50394001.81818
LbtCycle,0x55dc0e50394012.8
LbtCycle,0x55dc0e50394027.6
LbtCycle,0x55dc0e50394030
SlotAllocation,0x55dc0e41a910,85,4
SlotAllocation,0x55dc0e48e5e0,85,4
SlotAllocation,0x55dc0e501770,85,4
AverageBackoffDelay,0x55dc0e41cd10,42009000,1,0
AverageBackoffDelay,0x55dc0e503940,42009000,1,0
AverageBackoffDelay,0x55dc0e4907b0,42034000,0,0
SlotAllocation,0x55dc0e41a910,86,1
SlotAllocation,0x55dc0e48e5e0,86,0
SlotAllocation,0x55dc0e501770,86,1
LbtCycle,0x55dc0e41cd1001.86957
LbtCycle,0x55dc0e41cd1012.8
LbtCycle,0x55dc0e41cd1028.2
LbtCycle,0x55dc0e41cd1030
LbtCycle,0x55dc0e4907b001.72
LbtCycle,0x55dc0e4907b013.33333
LbtCycle,0x55dc0e4907b026.5
LbtCycle,0x55dc0e4907b030
LbtCycle,0x55dc0e50394001.86957
LbtCycle,0x55dc0e50394012.8
LbtCycle,0x55dc0e50394027.6
LbtCycle,0x55dc0e50394030
SlotAllocation,0x55dc0e41a910,87,4
SlotAllocation,0x55dc0e48e5e0,87,4
SlotAllocation,0x55dc0e501770,87,4
AverageBackoffDelay,0x55dc0e4907b0,43018000,0,0
AverageBackoffDelay,0x55dc0e503940,43025000,0,0
AverageBackoffDelay,0x55dc0e41cd10,43043000,0,0
SlotAllocation,0x55dc0e41a910,88,0
SlotAllocation,0x55dc0e48e5e0,88,0
SlotAllocation,0x55dc0e501770,88,0
LbtCycle,0x55dc0e41cd1001.86957
LbtCycle,0x55dc0e41cd1012.75
LbtCycle,0x55dc0e41cd1028.2
LbtCycle,0x55dc0e41cd1030
LbtCycle,0x55dc0e4907b001.72
LbtCycle,0x55dc0e4907b013.38462
LbtCycle,0x55dc0e4907b026.5
LbtCycle,0x55dc0e4907b030
LbtCycle,0x55dc0e50394001.83333
LbtCycle,0x55dc0e50394012.8
LbtCycle,0x55dc0e50394027.6
LbtCycle,0x55dc0e50394030
SlotAllocation,0x55dc0e41a910,89,4
SlotAllocation,0x55dc0e48e5e0,89,4
SlotAllocation,0x55dc0e501770,89,4
AverageBackoffDelay,0x55dc0e41cd10,44009000,1,0
AverageBackoffDelay,0x55dc0e503940,44018000,0,0
AverageBackoffDelay,0x55dc0e4907b0,44034000,1,0
SlotAllocation,0x55dc0e41a910,90,1
SlotAllocation,0x55dc0e48e5e0,90,1
SlotAllocation,0x55dc0e501770,90,0
LbtCycle,0x55dc0e41cd1001.875
LbtCycle,0x55dc0e41cd1012.75
LbtCycle,0x55dc0e41cd1028.2
LbtCycle,0x55dc0e41cd1030
LbtCycle,0x55dc0e4907b001.73077
LbtCycle,0x55dc0e4907b013.38462
LbtCycle,0x55dc0e4907b026.5
LbtCycle,0x55dc0e4907b030
LbtCycle,0x55dc0e50394001.83333
LbtCycle,0x55dc0e50394012.8125
LbtCycle,0x55dc0e50394027.6
LbtCycle,0x55dc0e50394030
SlotAllocation,0x55dc0e41a910,91,4
SlotAllocation,0x55dc0e48e5e0,91,4
SlotAllocation,0x55dc0e501770,91,4
AverageBackoffDelay,0x55dc0e503940,45013000,1,0
AverageBackoffDelay,0x55dc0e41cd10,45018000,0,0
AverageBackoffDelay,0x55dc0e4907b0,45027000,0,0
SlotAllocation,0x55dc0e41a910,92,0
SlotAllocation,0x55dc0e48e5e0,92,0
SlotAllocation,0x55dc0e501770,92,1
LbtCycle,0x55dc0e41cd1001.875
LbtCycle,0x55dc0e41cd1012.75
LbtCycle,0x55dc0e41cd1027.66667
LbtCycle,0x55dc0e41cd1030
LbtCycle,0x55dc0e4907b001.73077
LbtCycle,0x55dc0e4907b013.28571
LbtCycle,0x55dc0e4907b026.5
LbtCycle,0x55dc0e4907b030
LbtCycle,0x55dc0e50394001.83333
LbtCycle,0x55dc0e50394012.8125
LbtCycle,0x55dc0e50394027.66667
LbtCycle,0x55dc0e50394030
SlotAllocation,0x55dc0e41a910,93,4
SlotAllocation,0x55dc0e48e5e0,93,4
SlotAllocation,0x55dc0e501770,93,4
AverageBackoffDelay,0x55dc0e4907b0,46025000,1,0
AverageBackoffDelay,0x55dc0e41cd10,46034000,2,0
AverageBackoffDelay,0x55dc0e503940,46052000,2,0
SlotAllocation,0x55dc0e41a910,94,2
SlotAllocation,0x55dc0e48e5e0,94,1
SlotAllocation,0x55dc0e501770,94,2
LbtCycle,0x55dc0e41cd1001.88
LbtCycle,0x55dc0e41cd1012.75
LbtCycle,0x55dc0e41cd1027.66667
LbtCycle,0x55dc0e41cd1030
LbtCycle,0x55dc0e4907b001.74074
LbtCycle,0x55dc0e4907b013.28571
LbtCycle,0x55dc0e4907b026.5
LbtCycle,0x55dc0e4907b030
LbtCycle,0x55dc0e50394001.88
LbtCycle,0x55dc0e50394012.8125
LbtCycle,0x55dc0e50394027.66667
LbtCycle,0x55dc0e50394030
SlotAllocation,0x55dc0e41a910,95,4
SlotAllocation,0x55dc0e48e5e0,95,4
SlotAllocation,0x55dc0e501770,95,4
AverageBackoffDelay,0x55dc0e503940,47009000,0,0
AverageBackoffDelay,0x55dc0e41cd10,47018000,0,0
AverageBackoffDelay,0x55dc0e4907b0,47034000,0,0
SlotAllocation,0x55dc0e41a910,96,0
SlotAllocation,0x55dc0e48e5e0,96,0
SlotAllocation,0x55dc0e501770,96,0
LbtCycle,0x55dc0e41cd1001.88
LbtCycle,0x55dc0e41cd1012.82353
LbtCycle,0x55dc0e41cd1027.66667
LbtCycle,0x55dc0e41cd1030
LbtCycle,0x55dc0e4907b001.71429
LbtCycle,0x55dc0e4907b013.28571
LbtCycle,0x55dc0e4907b026.5
LbtCycle,0x55dc0e4907b030
LbtCycle,0x55dc0e50394001.88
LbtCycle,0x55dc0e50394012.82353
LbtCycle,0x55dc0e50394027.66667
LbtCycle,0x55dc0e50394030
SlotAllocation,0x55dc0e41a910,97,4
SlotAllocation,0x55dc0e48e5e0,97,4
SlotAllocation,0x55dc0e501770,97,4
AverageBackoffDelay,0x55dc0e41cd10,48025000,1,0
AverageBackoffDelay,0x55dc0e4907b0,48027000,0,0
AverageBackoffDelay,0x55dc0e503940,48036000,1,0
SlotAllocation,0x55dc0e41a910,98,1
SlotAllocation,0x55dc0e48e5e0,98,0
SlotAllocation,0x55dc0e501770,98,1
LbtCycle,0x55dc0e41cd1001.88
LbtCycle,0x55dc0e41cd1012.72222
LbtCycle,0x55dc0e41cd1027.66667
LbtCycle,0x55dc0e41cd1030
LbtCycle,0x55dc0e4907b001.71429
LbtCycle,0x55dc0e4907b013.26667
LbtCycle,0x55dc0e4907b026.5
LbtCycle,0x55dc0e4907b030
LbtCycle,0x55dc0e50394001.88
LbtCycle,0x55dc0e50394012.82353
LbtCycle,0x55dc0e50394027
LbtCycle,0x55dc0e50394030
SlotAllocation,0x55dc0e41a910,99,4
SlotAllocation,0x55dc0e48e5e0,99,4
SlotAllocation,0x55dc0e501770,99,4
AverageBackoffDelay,0x55dc0e503940,49016000,2,0
AverageBackoffDelay,0x55dc0e41cd10,49018000,1,0
AverageBackoffDelay,0x55dc0e4907b0,49025000,1,0
SlotAllocation,0x55dc0e41a910,100,1
SlotAllocation,0x55dc0e48e5e0,100,1
SlotAllocation,0x55dc0e501770,100,2
LbtCycle,0x55dc0e41cd1001.92308
LbtCycle,0x55dc0e41cd1012.72222
LbtCycle,0x55dc0e41cd1027.66667
LbtCycle,0x55dc0e41cd1030
LbtCycle,0x55dc0e4907b001.72414
LbtCycle,0x55dc0e4907b013.26667
LbtCycle,0x55dc0e4907b026.5
LbtCycle,0x55dc0e4907b030
LbtCycle,0x55dc0e50394001.92308
LbtCycle,0x55dc0e50394012.82353
LbtCycle,0x55dc0e50394027
LbtCycle,0x55dc0e50394030
SlotAllocation,0x55dc0e41a910,101,4
SlotAllocation,0x55dc0e48e5e0,101,4
SlotAllocation,0x55dc0e501770,101,4
Simulation Time: +0.05001s real time: 18h, 7m, 53s.
AverageBackoffDelay,0x55dc0e41cd10,50025000,0,0
AverageBackoffDelay,0x55dc0e4907b0,50025000,0,0
AverageBackoffDelay,0x55dc0e503940,50052000,0,0
SlotAllocation,0x55dc0e41a910,102,0
SlotAllocation,0x55dc0e48e5e0,102,0
SlotAllocation,0x55dc0e501770,102,0
LbtCycle,0x55dc0e41cd1001.92308
LbtCycle,0x55dc0e41cd1012.68421
LbtCycle,0x55dc0e41cd1027.66667
LbtCycle,0x55dc0e41cd1030
LbtCycle,0x55dc0e4907b001.7
LbtCycle,0x55dc0e4907b013.26667
LbtCycle,0x55dc0e4907b026.5
LbtCycle,0x55dc0e4907b030
LbtCycle,0x55dc0e50394001.88889
LbtCycle,0x55dc0e50394012.82353
LbtCycle,0x55dc0e50394027
LbtCycle,0x55dc0e50394030
SlotAllocation,0x55dc0e41a910,103,4
SlotAllocation,0x55dc0e48e5e0,103,4
SlotAllocation,0x55dc0e501770,103,4
AverageBackoffDelay,0x55dc0e41cd10,51009000,1,0
AverageBackoffDelay,0x55dc0e4907b0,51009000,0,0
AverageBackoffDelay,0x55dc0e503940,51018000,0,0
SlotAllocation,0x55dc0e41a910,104,1
SlotAllocation,0x55dc0e48e5e0,104,0
SlotAllocation,0x55dc0e501770,104,0
LbtCycle,0x55dc0e41cd1001.92593
LbtCycle,0x55dc0e41cd1012.68421
LbtCycle,0x55dc0e41cd1027.66667
LbtCycle,0x55dc0e41cd1030
LbtCycle,0x55dc0e4907b001.7
LbtCycle,0x55dc0e4907b013.25
LbtCycle,0x55dc0e4907b026.5
LbtCycle,0x55dc0e4907b030
LbtCycle,0x55dc0e50394001.88889
LbtCycle,0x55dc0e50394012.88889
LbtCycle,0x55dc0e50394027
LbtCycle,0x55dc0e50394030
SlotAllocation,0x55dc0e41a910,105,4
SlotAllocation,0x55dc0e48e5e0,105,4
SlotAllocation,0x55dc0e501770,105,4
AverageBackoffDelay,0x55dc0e503940,52025000,1,0
AverageBackoffDelay,0x55dc0e41cd10,52034000,0,0
AverageBackoffDelay,0x55dc0e4907b0,52043000,1,0
SlotAllocation,0x55dc0e41a910,106,0
SlotAllocation,0x55dc0e48e5e0,106,1
SlotAllocation,0x55dc0e501770,106,1
LbtCycle,0x55dc0e41cd1001.89286
LbtCycle,0x55dc0e41cd1012.68421
LbtCycle,0x55dc0e41cd1027.66667
LbtCycle,0x55dc0e41cd1030
LbtCycle,0x55dc0e4907b001.70968
LbtCycle,0x55dc0e4907b013.25
LbtCycle,0x55dc0e4907b026.5
LbtCycle,0x55dc0e4907b030
LbtCycle,0x55dc0e50394001.88889
LbtCycle,0x55dc0e50394012.78947
LbtCycle,0x55dc0e50394027
LbtCycle,0x55dc0e50394030
SlotAllocation,0x55dc0e41a910,107,4
SlotAllocation,0x55dc0e48e5e0,107,4
SlotAllocation,0x55dc0e501770,107,4
AverageBackoffDelay,0x55dc0e503940,53018000,1,0
AverageBackoffDelay,0x55dc0e4907b0,53025000,0,0
AverageBackoffDelay,0x55dc0e41cd10,53043000,0,0
SlotAllocation,0x55dc0e41a910,108,0
SlotAllocation,0x55dc0e48e5e0,108,0
SlotAllocation,0x55dc0e501770,108,1
LbtCycle,0x55dc0e41cd1001.89286
LbtCycle,0x55dc0e41cd1012.68421
LbtCycle,0x55dc0e41cd1027.71429
LbtCycle,0x55dc0e41cd1030
LbtCycle,0x55dc0e4907b001.6875
LbtCycle,0x55dc0e4907b013.25
LbtCycle,0x55dc0e4907b026.5
LbtCycle,0x55dc0e4907b030
LbtCycle,0x55dc0e50394001.92857
LbtCycle,0x55dc0e50394012.78947
LbtCycle,0x55dc0e50394027
LbtCycle,0x55dc0e50394030
SlotAllocation,0x55dc0e41a910,109,4
SlotAllocation,0x55dc0e48e5e0,109,4
SlotAllocation,0x55dc0e501770,109,4
AverageBackoffDelay,0x55dc0e4907b0,54002000,0,0
AverageBackoffDelay,0x55dc0e41cd10,54009000,2,0
AverageBackoffDelay,0x55dc0e503940,54043000,0,0
SlotAllocation,0x55dc0e41a910,110,2
SlotAllocation,0x55dc0e48e5e0,110,0
SlotAllocation,0x55dc0e501770,110,0
LbtCycle,0x55dc0e41cd1001.89655
LbtCycle,0x55dc0e41cd1012.68421
LbtCycle,0x55dc0e41cd1027.71429
LbtCycle,0x55dc0e41cd1030
LbtCycle,0x55dc0e4907b001.6875
LbtCycle,0x55dc0e4907b013.25
LbtCycle,0x55dc0e4907b027.85714
LbtCycle,0x55dc0e4907b030
LbtCycle,0x55dc0e50394001.89655
LbtCycle,0x55dc0e50394012.78947
LbtCycle,0x55dc0e50394027
LbtCycle,0x55dc0e50394030
SlotAllocation,0x55dc0e41a910,111,4
SlotAllocation,0x55dc0e48e5e0,111,4
SlotAllocation,0x55dc0e501770,111,4
AverageBackoffDelay,0x55dc0e41cd10,55002000,0,0
AverageBackoffDelay,0x55dc0e4907b0,55009000,2,0
AverageBackoffDelay,0x55dc0e503940,55018000,0,0
SlotAllocation,0x55dc0e41a910,112,0
SlotAllocation,0x55dc0e48e5e0,112,2
SlotAllocation,0x55dc0e501770,112,0
LbtCycle,0x55dc0e41cd1001.89655
LbtCycle,0x55dc0e41cd1012.8
LbtCycle,0x55dc0e41cd1027.71429
LbtCycle,0x55dc0e41cd1030
LbtCycle,0x55dc0e4907b001.6875
LbtCycle,0x55dc0e4907b013.29412
LbtCycle,0x55dc0e4907b027.85714
LbtCycle,0x55dc0e4907b030
LbtCycle,0x55dc0e50394001.89655
LbtCycle,0x55dc0e50394012.8
LbtCycle,0x55dc0e50394027
LbtCycle,0x55dc0e50394030
SlotAllocation,0x55dc0e41a910,113,4
SlotAllocation,0x55dc0e48e5e0,113,4
SlotAllocation,0x55dc0e501770,113,4
AverageBackoffDelay,0x55dc0e503940,56004000,1,0
AverageBackoffDelay,0x55dc0e4907b0,56025000,1,0
AverageBackoffDelay,0x55dc0e41cd10,56043000,1,0
SlotAllocation,0x55dc0e41a910,114,1
SlotAllocation,0x55dc0e48e5e0,114,1
SlotAllocation,0x55dc0e501770,114,1
LbtCycle,0x55dc0e41cd1001.9
LbtCycle,0x55dc0e41cd1012.8
LbtCycle,0x55dc0e41cd1027.71429
LbtCycle,0x55dc0e41cd1030
LbtCycle,0x55dc0e4907b001.72727
LbtCycle,0x55dc0e4907b013.29412
LbtCycle,0x55dc0e4907b027.85714
LbtCycle,0x55dc0e4907b030
LbtCycle,0x55dc0e50394001.89655
LbtCycle,0x55dc0e50394012.8
LbtCycle,0x55dc0e50394027.125
LbtCycle,0x55dc0e50394030
SlotAllocation,0x55dc0e41a910,115,4
SlotAllocation,0x55dc0e48e5e0,115,4
SlotAllocation,0x55dc0e501770,115,4
AverageBackoffDelay,0x55dc0e4907b0,57009000,0,0
AverageBackoffDelay,0x55dc0e503940,57025000,2,0
AverageBackoffDelay,0x55dc0e41cd10,57034000,0,0
SlotAllocation,0x55dc0e41a910,116,0
SlotAllocation,0x55dc0e48e5e0,116,0
SlotAllocation,0x55dc0e501770,116,2
LbtCycle,0x55dc0e41cd1001.87097
LbtCycle,0x55dc0e41cd1012.8
LbtCycle,0x55dc0e41cd1027.71429
LbtCycle,0x55dc0e41cd1030
LbtCycle,0x55dc0e4907b001.72727
LbtCycle,0x55dc0e4907b013.22222
LbtCycle,0x55dc0e4907b027.85714
LbtCycle,0x55dc0e4907b030
LbtCycle,0x55dc0e50394001.89655
LbtCycle,0x55dc0e50394012.7619
LbtCycle,0x55dc0e50394027.125
LbtCycle,0x55dc0e50394030
SlotAllocation,0x55dc0e41a910,117,4
SlotAllocation,0x55dc0e48e5e0,117,4
SlotAllocation,0x55dc0e501770,117,4
AverageBackoffDelay,0x55dc0e41cd10,58002000,0,0
AverageBackoffDelay,0x55dc0e503940,58025000,1,0
AverageBackoffDelay,0x55dc0e4907b0,58052000,1,0
SlotAllocation,0x55dc0e41a910,118,0
SlotAllocation,0x55dc0e48e5e0,118,1
SlotAllocation,0x55dc0e501770,118,1
LbtCycle,0x55dc0e41cd1001.87097
LbtCycle,0x55dc0e41cd1012.8
LbtCycle,0x55dc0e41cd1027.375
LbtCycle,0x55dc0e41cd1030
LbtCycle,0x55dc0e4907b001.73529
LbtCycle,0x55dc0e4907b013.22222
LbtCycle,0x55dc0e4907b027.85714
LbtCycle,0x55dc0e4907b030
LbtCycle,0x55dc0e50394001.89655
LbtCycle,0x55dc0e50394012.68182
LbtCycle,0x55dc0e50394027.125
LbtCycle,0x55dc0e50394030
SlotAllocation,0x55dc0e41a910,119,4
SlotAllocation,0x55dc0e48e5e0,119,4
SlotAllocation,0x55dc0e501770,119,4
AverageBackoffDelay,0x55dc0e503940,59002000,1,0
AverageBackoffDelay,0x55dc0e41cd10,59009000,2,0
AverageBackoffDelay,0x55dc0e4907b0,59052000,0,0
SlotAllocation,0x55dc0e41a910,120,2
SlotAllocation,0x55dc0e48e5e0,120,0
SlotAllocation,0x55dc0e501770,120,1
LbtCycle,0x55dc0e41cd1001.87097
LbtCycle,0x55dc0e41cd1012.85714
LbtCycle,0x55dc0e41cd1027.375
LbtCycle,0x55dc0e41cd1030
LbtCycle,0x55dc0e4907b001.71429
LbtCycle,0x55dc0e4907b013.22222
LbtCycle,0x55dc0e4907b027.85714
LbtCycle,0x55dc0e4907b030
LbtCycle,0x55dc0e50394002
LbtCycle,0x55dc0e50394012.68182
LbtCycle,0x55dc0e50394027.125
LbtCycle,0x55dc0e50394030
SlotAllocation,0x55dc0e41a910,121,4
SlotAllocation,0x55dc0e48e5e0,121,4
SlotAllocation,0x55dc0e501770,121,4
Simulation Time: +0.06001s real time: 18h, 7m, 54s.
AverageBackoffDelay,0x55dc0e4907b0,60025000,0,0
AverageBackoffDelay,0x55dc0e503940,60043000,0,0
AverageBackoffDelay,0x55dc0e41cd10,60052000,1,0
SlotAllocation,0x55dc0e41a910,122,1
SlotAllocation,0x55dc0e48e5e0,122,0
SlotAllocation,0x55dc0e501770,122,0
LbtCycle,0x55dc0e41cd1001.90625
LbtCycle,0x55dc0e41cd1012.85714
LbtCycle,0x55dc0e41cd1027.375
LbtCycle,0x55dc0e41cd1030
LbtCycle,0x55dc0e4907b001.69444
LbtCycle,0x55dc0e4907b013.22222
LbtCycle,0x55dc0e4907b027.85714
LbtCycle,0x55dc0e4907b030
LbtCycle,0x55dc0e50394001.96774
LbtCycle,0x55dc0e50394012.68182
LbtCycle,0x55dc0e50394027.125
LbtCycle,0x55dc0e50394030
SlotAllocation,0x55dc0e41a910,123,4
SlotAllocation,0x55dc0e48e5e0,123,4
SlotAllocation,0x55dc0e501770,123,4
AverageBackoffDelay,0x55dc0e503940,61009000,0,0
AverageBackoffDelay,0x55dc0e4907b0,61011000,0,0
AverageBackoffDelay,0x55dc0e41cd10,61018000,0,0
SlotAllocation,0x55dc0e41a910,124,0
SlotAllocation,0x55dc0e48e5e0,124,0
SlotAllocation,0x55dc0e501770,124,0
LbtCycle,0x55dc0e41cd1001.90625
LbtCycle,0x55dc0e41cd1012.81818
LbtCycle,0x55dc0e41cd1027.375
LbtCycle,0x55dc0e41cd1030
LbtCycle,0x55dc0e4907b001.69444
LbtCycle,0x55dc0e4907b013.26316
LbtCycle,0x55dc0e4907b027.85714
LbtCycle,0x55dc0e4907b030
LbtCycle,0x55dc0e50394001.96774
LbtCycle,0x55dc0e50394012.69565
LbtCycle,0x55dc0e50394027.125
LbtCycle,0x55dc0e50394030
SlotAllocation,0x55dc0e41a910,125,4
SlotAllocation,0x55dc0e48e5e0,125,4
SlotAllocation,0x55dc0e501770,125,4
AverageBackoffDelay,0x55dc0e41cd10,62025000,1,0
AverageBackoffDelay,0x55dc0e4907b0,62025000,1,0
AverageBackoffDelay,0x55dc0e503940,62034000,1,0
SlotAllocation,0x55dc0e41a910,126,1
SlotAllocation,0x55dc0e48e5e0,126,1
SlotAllocation,0x55dc0e501770,126,1
LbtCycle,0x55dc0e41cd1001.90625
LbtCycle,0x55dc0e41cd1012.73913
LbtCycle,0x55dc0e41cd1027.375
LbtCycle,0x55dc0e41cd1030
LbtCycle,0x55dc0e4907b001.69444
LbtCycle,0x55dc0e4907b013.15
LbtCycle,0x55dc0e4907b027.85714
LbtCycle,0x55dc0e4907b030
LbtCycle,0x55dc0e50394001.96875
LbtCycle,0x55dc0e50394012.69565
LbtCycle,0x55dc0e50394027.125
LbtCycle,0x55dc0e50394030
SlotAllocation,0x55dc0e41a910,127,4
SlotAllocation,0x55dc0e48e5e0,127,4
SlotAllocation,0x55dc0e501770,127,4
AverageBackoffDelay,0x55dc0e4907b0,63009000,1,0
AverageBackoffDelay,0x55dc0e41cd10,63020000,1,0
AverageBackoffDelay,0x55dc0e503940,63020000,0,0
SlotAllocation,0x55dc0e41a910,128,1
SlotAllocation,0x55dc0e48e5e0,128,1
SlotAllocation,0x55dc0e501770,128,0
LbtCycle,0x55dc0e41cd1001.90625
LbtCycle,0x55dc0e41cd1012.73913
LbtCycle,0x55dc0e41cd1027.11111
LbtCycle,0x55dc0e41cd1030
LbtCycle,0x55dc0e4907b001.72973
LbtCycle,0x55dc0e4907b013.15
LbtCycle,0x55dc0e4907b027.85714
LbtCycle,0x55dc0e4907b030
LbtCycle,0x55dc0e50394001.96875
LbtCycle,0x55dc0e50394012.69565
LbtCycle,0x55dc0e50394027.11111
LbtCycle,0x55dc0e50394030
SlotAllocation,0x55dc0e41a910,129,4
SlotAllocation,0x55dc0e48e5e0,129,4
SlotAllocation,0x55dc0e501770,129,4
AverageBackoffDelay,0x55dc0e41cd10,64007000,2,0
AverageBackoffDelay,0x55dc0e503940,64007000,2,0
AverageBackoffDelay,0x55dc0e4907b0,64011000,0,0
SlotAllocation,0x55dc0e41a910,130,2
SlotAllocation,0x55dc0e48e5e0,130,0
SlotAllocation,0x55dc0e501770,130,2
LbtCycle,0x55dc0e41cd1001.9697
LbtCycle,0x55dc0e41cd1012.73913
LbtCycle,0x55dc0e41cd1027.11111
LbtCycle,0x55dc0e41cd1030
LbtCycle,0x55dc0e4907b001.72973
LbtCycle,0x55dc0e4907b013.15
LbtCycle,0x55dc0e4907b028.125
LbtCycle,0x55dc0e4907b030
LbtCycle,0x55dc0e50394001.96875
LbtCycle,0x55dc0e50394012.70833
LbtCycle,0x55dc0e50394027.11111
LbtCycle,0x55dc0e50394030
SlotAllocation,0x55dc0e41a910,131,4
SlotAllocation,0x55dc0e48e5e0,131,4
SlotAllocation,0x55dc0e501770,131,4
AverageBackoffDelay,0x55dc0e41cd10,65025000,0,0
AverageBackoffDelay,0x55dc0e4907b0,65034000,2,0
AverageBackoffDelay,0x55dc0e503940,65043000,1,0
SlotAllocation,0x55dc0e41a910,132,0
SlotAllocation,0x55dc0e48e5e0,132,2
SlotAllocation,0x55dc0e501770,132,1
LbtCycle,0x55dc0e41cd1001.94118
LbtCycle,0x55dc0e41cd1012.73913
LbtCycle,0x55dc0e41cd1027.11111
LbtCycle,0x55dc0e41cd1030
LbtCycle,0x55dc0e4907b001.73684
LbtCycle,0x55dc0e4907b013.15
LbtCycle,0x55dc0e4907b028.125
LbtCycle,0x55dc0e4907b030
LbtCycle,0x55dc0e50394002
LbtCycle,0x55dc0e50394012.70833
LbtCycle,0x55dc0e50394027.11111
LbtCycle,0x55dc0e50394030
SlotAllocation,0x55dc0e41a910,133,4
SlotAllocation,0x55dc0e48e5e0,133,4
SlotAllocation,0x55dc0e501770,133,4
AverageBackoffDelay,0x55dc0e4907b0,66009000,0,0
AverageBackoffDelay,0x55dc0e503940,66025000,0,0
AverageBackoffDelay,0x55dc0e41cd10,66036000,0,0
SlotAllocation,0x55dc0e41a910,134,0
SlotAllocation,0x55dc0e48e5e0,134,0
SlotAllocation,0x55dc0e501770,134,0
LbtCycle,0x55dc0e41cd1001.94118
LbtCycle,0x55dc0e41cd1012.79167
LbtCycle,0x55dc0e41cd1027.11111
LbtCycle,0x55dc0e41cd1030
LbtCycle,0x55dc0e4907b001.73684
LbtCycle,0x55dc0e4907b013.19048
LbtCycle,0x55dc0e4907b028.125
LbtCycle,0x55dc0e4907b030
LbtCycle,0x55dc0e50394001.97059
LbtCycle,0x55dc0e50394012.70833
LbtCycle,0x55dc0e50394027.11111
LbtCycle,0x55dc0e50394030
SlotAllocation,0x55dc0e41a910,135,4
SlotAllocation,0x55dc0e48e5e0,135,4
SlotAllocation,0x55dc0e501770,135,4
AverageBackoffDelay,0x55dc0e41cd10,67016000,1,0
AverageBackoffDelay,0x55dc0e503940,67020000,0,0
AverageBackoffDelay,0x55dc0e4907b0,67052000,1,0
SlotAllocation,0x55dc0e41a910,136,1
SlotAllocation,0x55dc0e48e5e0,136,1
SlotAllocation,0x55dc0e501770,136,0
LbtCycle,0x55dc0e41cd1001.94286
LbtCycle,0x55dc0e41cd1012.79167
LbtCycle,0x55dc0e41cd1027.11111
LbtCycle,0x55dc0e41cd1030
LbtCycle,0x55dc0e4907b001.74359
LbtCycle,0x55dc0e4907b013.19048
LbtCycle,0x55dc0e4907b028.125
LbtCycle,0x55dc0e4907b030
LbtCycle,0x55dc0e50394001.97059
LbtCycle,0x55dc0e50394012.72
LbtCycle,0x55dc0e50394027.11111
LbtCycle,0x55dc0e50394030
SlotAllocation,0x55dc0e41a910,137,4
SlotAllocation,0x55dc0e48e5e0,137,4
SlotAllocation,0x55dc0e501770,137,4
AverageBackoffDelay,0x55dc0e41cd10,68025000,0,0
AverageBackoffDelay,0x55dc0e4907b0,68034000,0,0
AverageBackoffDelay,0x55dc0e503940,68034000,1,0
SlotAllocation,0x55dc0e41a910,138,0
SlotAllocation,0x55dc0e48e5e0,138,0
SlotAllocation,0x55dc0e501770,138,1
LbtCycle,0x55dc0e41cd1001.91667
LbtCycle,0x55dc0e41cd1012.79167
LbtCycle,0x55dc0e41cd1027.11111
LbtCycle,0x55dc0e41cd1030
LbtCycle,0x55dc0e4907b001.725
LbtCycle,0x55dc0e4907b013.19048
LbtCycle,0x55dc0e4907b028.125
LbtCycle,0x55dc0e4907b030
LbtCycle,0x55dc0e50394001.97143
LbtCycle,0x55dc0e50394012.72
LbtCycle,0x55dc0e50394027.11111
LbtCycle,0x55dc0e50394030
SlotAllocation,0x55dc0e41a910,139,4
SlotAllocation,0x55dc0e48e5e0,139,4
SlotAllocation,0x55dc0e501770,139,4
AverageBackoffDelay,0x55dc0e4907b0,69002000,0,0
AverageBackoffDelay,0x55dc0e503940,69025000,0,0
AverageBackoffDelay,0x55dc0e41cd10,69043000,0,0
SlotAllocation,0x55dc0e41a910,140,0
SlotAllocation,0x55dc0e48e5e0,140,0
SlotAllocation,0x55dc0e501770,140,0
LbtCycle,0x55dc0e41cd1001.89189
LbtCycle,0x55dc0e41cd1012.79167
LbtCycle,0x55dc0e41cd1027.11111
LbtCycle,0x55dc0e41cd1030
LbtCycle,0x55dc0e4907b001.725
LbtCycle,0x55dc0e4907b013.18182
LbtCycle,0x55dc0e4907b028.125
LbtCycle,0x55dc0e4907b030
LbtCycle,0x55dc0e50394001.94444
LbtCycle,0x55dc0e50394012.72
LbtCycle,0x55dc0e50394027.11111
LbtCycle,0x55dc0e50394030
SlotAllocation,0x55dc0e41a910,141,4
SlotAllocation,0x55dc0e48e5e0,141,4
SlotAllocation,0x55dc0e501770,141,4
AverageBackoffDelay,0x55dc0e503940,70002000,0,0
Simulation Time: +0.07001s real time: 18h, 7m, 55s.
AverageBackoffDelay,0x55dc0e41cd10,70025000,0,0
AverageBackoffDelay,0x55dc0e4907b0,70025000,1,0
SlotAllocation,0x55dc0e41a910,142,0
SlotAllocation,0x55dc0e48e5e0,142,1
SlotAllocation,0x55dc0e501770,142,0
LbtCycle,0x55dc0e41cd1001.86842
LbtCycle,0x55dc0e41cd1012.79167
LbtCycle,0x55dc0e41cd1027.11111
LbtCycle,0x55dc0e41cd1030
LbtCycle,0x55dc0e4907b001.73171
LbtCycle,0x55dc0e4907b013.18182
LbtCycle,0x55dc0e4907b028.125
LbtCycle,0x55dc0e4907b030
LbtCycle,0x55dc0e50394001.94444
LbtCycle,0x55dc0e50394012.73077
LbtCycle,0x55dc0e50394027.11111
LbtCycle,0x55dc0e50394030
SlotAllocation,0x55dc0e41a910,143,4
SlotAllocation,0x55dc0e48e5e0,143,4
SlotAllocation,0x55dc0e501770,143,4
AverageBackoffDelay,0x55dc0e503940,71020000,1,0
AverageBackoffDelay,0x55dc0e41cd10,71025000,0,0
AverageBackoffDelay,0x55dc0e4907b0,71029000,0,0
SlotAllocation,0x55dc0e41a910,144,0
SlotAllocation,0x55dc0e48e5e0,144,0
SlotAllocation,0x55dc0e501770,144,1
LbtCycle,0x55dc0e41cd1001.84615
LbtCycle,0x55dc0e41cd1012.79167
LbtCycle,0x55dc0e41cd1027.11111
LbtCycle,0x55dc0e41cd1030
LbtCycle,0x55dc0e4907b001.73171
LbtCycle,0x55dc0e4907b013.18182
LbtCycle,0x55dc0e4907b028
LbtCycle,0x55dc0e4907b030
LbtCycle,0x55dc0e50394001.94444
LbtCycle,0x55dc0e50394012.73077
LbtCycle,0x55dc0e50394027.2
LbtCycle,0x55dc0e50394030
SlotAllocation,0x55dc0e41a910,145,4
SlotAllocation,0x55dc0e48e5e0,145,4
SlotAllocation,0x55dc0e501770,145,4
AverageBackoffDelay,0x55dc0e4907b0,72005000,2,0
AverageBackoffDelay,0x55dc0e41cd10,72029000,0,0
AverageBackoffDelay,0x55dc0e503940,72034000,2,0
SlotAllocation,0x55dc0e41a910,146,0
SlotAllocation,0x55dc0e48e5e0,146,2
SlotAllocation,0x55dc0e501770,146,2
LbtCycle,0x55dc0e41cd1001.84615
LbtCycle,0x55dc0e41cd1012.92
LbtCycle,0x55dc0e41cd1027.11111
LbtCycle,0x55dc0e41cd1030
LbtCycle,0x55dc0e4907b001.7381
LbtCycle,0x55dc0e4907b013.18182
LbtCycle,0x55dc0e4907b028
LbtCycle,0x55dc0e4907b030
LbtCycle,0x55dc0e50394001.97297
LbtCycle,0x55dc0e50394012.73077
LbtCycle,0x55dc0e50394027.2
LbtCycle,0x55dc0e50394030
SlotAllocation,0x55dc0e41a910,147,4
SlotAllocation,0x55dc0e48e5e0,147,4
SlotAllocation,0x55dc0e501770,147,4
AverageBackoffDelay,0x55dc0e4907b0,73002000,0,0
AverageBackoffDelay,0x55dc0e41cd10,73023000,1,0
AverageBackoffDelay,0x55dc0e503940,73034000,0,0
SlotAllocation,0x55dc0e41a910,148,1
SlotAllocation,0x55dc0e48e5e0,148,0
SlotAllocation,0x55dc0e501770,148,0
LbtCycle,0x55dc0e41cd1001.85
LbtCycle,0x55dc0e41cd1012.92
LbtCycle,0x55dc0e41cd1027.11111
LbtCycle,0x55dc0e41cd1030
LbtCycle,0x55dc0e4907b001.7381
LbtCycle,0x55dc0e4907b013.21739
LbtCycle,0x55dc0e4907b028
LbtCycle,0x55dc0e4907b030
LbtCycle,0x55dc0e50394001.94737
LbtCycle,0x55dc0e50394012.73077
LbtCycle,0x55dc0e50394027.2
LbtCycle,0x55dc0e50394030
SlotAllocation,0x55dc0e41a910,149,4
SlotAllocation,0x55dc0e48e5e0,149,4
SlotAllocation,0x55dc0e501770,149,4
AverageBackoffDelay,0x55dc0e503940,74002000,0,0
AverageBackoffDelay,0x55dc0e41cd10,74015000,0,0
AverageBackoffDelay,0x55dc0e4907b0,74043000,1,0
SlotAllocation,0x55dc0e41a910,150,0
SlotAllocation,0x55dc0e48e5e0,150,1
SlotAllocation,0x55dc0e501770,150,0
LbtCycle,0x55dc0e41cd1001.85
LbtCycle,0x55dc0e41cd1012.92
LbtCycle,0x55dc0e41cd1027.5
LbtCycle,0x55dc0e41cd1030
LbtCycle,0x55dc0e4907b001.74419
LbtCycle,0x55dc0e4907b013.21739
LbtCycle,0x55dc0e4907b028
LbtCycle,0x55dc0e4907b030
LbtCycle,0x55dc0e50394001.94737
LbtCycle,0x55dc0e50394012.77778
LbtCycle,0x55dc0e50394027.2
LbtCycle,0x55dc0e50394030
SlotAllocation,0x55dc0e41a910,151,4
SlotAllocation,0x55dc0e48e5e0,151,4
SlotAllocation,0x55dc0e501770,151,4
AverageBackoffDelay,0x55dc0e503940,75034000,1,0
AverageBackoffDelay,0x55dc0e41cd10,75043000,2,0
AverageBackoffDelay,0x55dc0e4907b0,75045000,0,0
SlotAllocation,0x55dc0e41a910,152,2
SlotAllocation,0x55dc0e48e5e0,152,0
SlotAllocation,0x55dc0e501770,152,1
LbtCycle,0x55dc0e41cd1001.85
LbtCycle,0x55dc0e41cd1012.92308
LbtCycle,0x55dc0e41cd1027.5
LbtCycle,0x55dc0e41cd1030
LbtCycle,0x55dc0e4907b001.74419
LbtCycle,0x55dc0e4907b013.16667
LbtCycle,0x55dc0e4907b028
LbtCycle,0x55dc0e4907b030
LbtCycle,0x55dc0e50394001.94872
LbtCycle,0x55dc0e50394012.77778
LbtCycle,0x55dc0e50394027.2
LbtCycle,0x55dc0e50394030
SlotAllocation,0x55dc0e41a910,153,4
SlotAllocation,0x55dc0e48e5e0,153,4
SlotAllocation,0x55dc0e501770,153,4
AverageBackoffDelay,0x55dc0e4907b0,76007000,1,0
AverageBackoffDelay,0x55dc0e41cd10,76009000,1,0
AverageBackoffDelay,0x55dc0e503940,76025000,0,0
SlotAllocation,0x55dc0e41a910,154,1
SlotAllocation,0x55dc0e48e5e0,154,1
SlotAllocation,0x55dc0e501770,154,0
LbtCycle,0x55dc0e41cd1001.87805
LbtCycle,0x55dc0e41cd1012.92308
LbtCycle,0x55dc0e41cd1027.5
LbtCycle,0x55dc0e41cd1030
LbtCycle,0x55dc0e4907b001.75
LbtCycle,0x55dc0e4907b013.16667
LbtCycle,0x55dc0e4907b028
LbtCycle,0x55dc0e4907b030
LbtCycle,0x55dc0e50394001.94872
LbtCycle,0x55dc0e50394012.75
LbtCycle,0x55dc0e50394027.2
LbtCycle,0x55dc0e50394030
SlotAllocation,0x55dc0e41a910,155,4
SlotAllocation,0x55dc0e48e5e0,155,4
SlotAllocation,0x55dc0e501770,155,4
AverageBackoffDelay,0x55dc0e503940,77025000,1,0
AverageBackoffDelay,0x55dc0e4907b0,77043000,0,0
AverageBackoffDelay,0x55dc0e41cd10,77052000,0,0
SlotAllocation,0x55dc0e41a910,156,0
SlotAllocation,0x55dc0e48e5e0,156,0
SlotAllocation,0x55dc0e501770,156,1
LbtCycle,0x55dc0e41cd1001.85714
LbtCycle,0x55dc0e41cd1012.92308
LbtCycle,0x55dc0e41cd1027.5
LbtCycle,0x55dc0e41cd1030
LbtCycle,0x55dc0e4907b001.73333
LbtCycle,0x55dc0e4907b013.16667
LbtCycle,0x55dc0e4907b028
LbtCycle,0x55dc0e4907b030
LbtCycle,0x55dc0e50394001.94872
LbtCycle,0x55dc0e50394012.68966
LbtCycle,0x55dc0e50394027.2
LbtCycle,0x55dc0e50394030
SlotAllocation,0x55dc0e41a910,157,4
SlotAllocation,0x55dc0e48e5e0,157,4
SlotAllocation,0x55dc0e501770,157,4
AverageBackoffDelay,0x55dc0e503940,78002000,1,0
AverageBackoffDelay,0x55dc0e41cd10,78009000,0,0
AverageBackoffDelay,0x55dc0e4907b0,78040000,0,0
SlotAllocation,0x55dc0e41a910,158,0
SlotAllocation,0x55dc0e48e5e0,158,0
SlotAllocation,0x55dc0e501770,158,1
LbtCycle,0x55dc0e41cd1001.85714
LbtCycle,0x55dc0e41cd1012.92593
LbtCycle,0x55dc0e41cd1027.5
LbtCycle,0x55dc0e41cd1030
LbtCycle,0x55dc0e4907b001.73333
LbtCycle,0x55dc0e4907b013.16667
LbtCycle,0x55dc0e4907b027.9
LbtCycle,0x55dc0e4907b030
LbtCycle,0x55dc0e50394001.975
LbtCycle,0x55dc0e50394012.68966
LbtCycle,0x55dc0e50394027.2
LbtCycle,0x55dc0e50394030
SlotAllocation,0x55dc0e41a910,159,4
SlotAllocation,0x55dc0e48e5e0,159,4
SlotAllocation,0x55dc0e501770,159,4
AverageBackoffDelay,0x55dc0e4907b0,79003000,2,0
AverageBackoffDelay,0x55dc0e41cd10,79025000,1,0
AverageBackoffDelay,0x55dc0e503940,79043000,0,0
SlotAllocation,0x55dc0e41a910,160,1
SlotAllocation,0x55dc0e48e5e0,160,2
SlotAllocation,0x55dc0e501770,160,0
LbtCycle,0x55dc0e41cd1001.86047
LbtCycle,0x55dc0e41cd1012.92593
LbtCycle,0x55dc0e41cd1027.5
LbtCycle,0x55dc0e41cd1030
LbtCycle,0x55dc0e4907b001.73913
LbtCycle,0x55dc0e4907b013.16667
LbtCycle,0x55dc0e4907b027.9
LbtCycle,0x55dc0e4907b030
LbtCycle,0x55dc0e50394001.95122
LbtCycle,0x55dc0e50394012.68966
LbtCycle,0x55dc0e50394027.2
LbtCycle,0x55dc0e50394030
SlotAllocation,0x55dc0e41a910,161,4
SlotAllocation,0x55dc0e48e5e0,161,4
SlotAllocation,0x55dc0e501770,161,4
AverageBackoffDelay,0x55dc0e41cd10,80004000,0,0
Simulation Time: +0.08001s real time: 18h, 7m, 56s.
AverageBackoffDelay,0x55dc0e4907b0,80027000,0,0
AverageBackoffDelay,0x55dc0e503940,80027000,0,0
SlotAllocation,0x55dc0e41a910,162,0
SlotAllocation,0x55dc0e48e5e0,162,0
SlotAllocation,0x55dc0e501770,162,0
LbtCycle,0x55dc0e41cd1001.86047
LbtCycle,0x55dc0e41cd1012.92593
LbtCycle,0x55dc0e41cd1027.36364
LbtCycle,0x55dc0e41cd1030
LbtCycle,0x55dc0e4907b001.73913
LbtCycle,0x55dc0e4907b013.24
LbtCycle,0x55dc0e4907b027.9
LbtCycle,0x55dc0e4907b030
LbtCycle,0x55dc0e50394001.95122
LbtCycle,0x55dc0e50394012.7
LbtCycle,0x55dc0e50394027.2
LbtCycle,0x55dc0e50394030
SlotAllocation,0x55dc0e41a910,163,4
SlotAllocation,0x55dc0e48e5e0,163,4
SlotAllocation,0x55dc0e501770,163,4
AverageBackoffDelay,0x55dc0e41cd10,81005000,2,0
AverageBackoffDelay,0x55dc0e503940,81016000,1,0
AverageBackoffDelay,0x55dc0e4907b0,81025000,1,0
SlotAllocation,0x55dc0e41a910,164,2
SlotAllocation,0x55dc0e48e5e0,164,1
SlotAllocation,0x55dc0e501770,164,1
LbtCycle,0x55dc0e41cd1001.86047
LbtCycle,0x55dc0e41cd1012.92857
LbtCycle,0x55dc0e41cd1027.36364
LbtCycle,0x55dc0e41cd1030
LbtCycle,0x55dc0e4907b001.74468
LbtCycle,0x55dc0e4907b013.24
LbtCycle,0x55dc0e4907b027.9
LbtCycle,0x55dc0e4907b030
LbtCycle,0x55dc0e50394001.95238
LbtCycle,0x55dc0e50394012.7
LbtCycle,0x55dc0e50394027.2
LbtCycle,0x55dc0e50394030
SlotAllocation,0x55dc0e41a910,165,4
SlotAllocation,0x55dc0e48e5e0,165,4
SlotAllocation,0x55dc0e501770,165,4
AverageBackoffDelay,0x55dc0e4907b0,82025000,0,0
AverageBackoffDelay,0x55dc0e503940,82025000,0,0
AverageBackoffDelay,0x55dc0e41cd10,82043000,1,0
SlotAllocation,0x55dc0e41a910,166,1
SlotAllocation,0x55dc0e48e5e0,166,0
SlotAllocation,0x55dc0e501770,166,0
LbtCycle,0x55dc0e41cd1001.88636
LbtCycle,0x55dc0e41cd1012.92857
LbtCycle,0x55dc0e41cd1027.36364
LbtCycle,0x55dc0e41cd1030
LbtCycle,0x55dc0e4907b001.72917
LbtCycle,0x55dc0e4907b013.24
LbtCycle,0x55dc0e4907b027.9
LbtCycle,0x55dc0e4907b030
LbtCycle,0x55dc0e50394001.95238
LbtCycle,0x55dc0e50394012.67742
LbtCycle,0x55dc0e50394027.2
LbtCycle,0x55dc0e50394030
SlotAllocation,0x55dc0e41a910,167,4
SlotAllocation,0x55dc0e48e5e0,167,4
SlotAllocation,0x55dc0e501770,167,4
AverageBackoffDelay,0x55dc0e41cd10,83018000,0,0
AverageBackoffDelay,0x55dc0e503940,83025000,1,0
AverageBackoffDelay,0x55dc0e4907b0,83034000,0,0
SlotAllocation,0x55dc0e41a910,168,0
SlotAllocation,0x55dc0e48e5e0,168,0
SlotAllocation,0x55dc0e501770,168,1
LbtCycle,0x55dc0e41cd1001.88636
LbtCycle,0x55dc0e41cd1012.89655
LbtCycle,0x55dc0e41cd1027.36364
LbtCycle,0x55dc0e41cd1030
LbtCycle,0x55dc0e4907b001.71429
LbtCycle,0x55dc0e4907b013.24
LbtCycle,0x55dc0e4907b027.9
LbtCycle,0x55dc0e4907b030
LbtCycle,0x55dc0e50394001.95238
LbtCycle,0x55dc0e50394012.625
LbtCycle,0x55dc0e50394027.2
LbtCycle,0x55dc0e50394030
SlotAllocation,0x55dc0e41a910,169,4
SlotAllocation,0x55dc0e48e5e0,169,4
SlotAllocation,0x55dc0e501770,169,4
AverageBackoffDelay,0x55dc0e4907b0,84002000,0,0
AverageBackoffDelay,0x55dc0e503940,84002000,1,0
AverageBackoffDelay,0x55dc0e41cd10,84043000,1,0
SlotAllocation,0x55dc0e41a910,170,1
SlotAllocation,0x55dc0e48e5e0,170,0
SlotAllocation,0x55dc0e501770,170,1
LbtCycle,0x55dc0e41cd1001.88889
LbtCycle,0x55dc0e41cd1012.89655
LbtCycle,0x55dc0e41cd1027.36364
LbtCycle,0x55dc0e41cd1030
LbtCycle,0x55dc0e4907b001.71429
LbtCycle,0x55dc0e4907b013.26923
LbtCycle,0x55dc0e4907b027.9
LbtCycle,0x55dc0e4907b030
LbtCycle,0x55dc0e50394001.97674
LbtCycle,0x55dc0e50394012.625
LbtCycle,0x55dc0e50394027.2
LbtCycle,0x55dc0e50394030
SlotAllocation,0x55dc0e41a910,171,4
SlotAllocation,0x55dc0e48e5e0,171,4
SlotAllocation,0x55dc0e501770,171,4
AverageBackoffDelay,0x55dc0e4907b0,85025000,1,0
AverageBackoffDelay,0x55dc0e41cd10,85034000,0,0
AverageBackoffDelay,0x55dc0e503940,85052000,0,0
SlotAllocation,0x55dc0e41a910,172,0
SlotAllocation,0x55dc0e48e5e0,172,1
SlotAllocation,0x55dc0e501770,172,0
LbtCycle,0x55dc0e41cd1001.86957
LbtCycle,0x55dc0e41cd1012.89655
LbtCycle,0x55dc0e41cd1027.36364
LbtCycle,0x55dc0e41cd1030
LbtCycle,0x55dc0e4907b001.72
LbtCycle,0x55dc0e4907b013.26923
LbtCycle,0x55dc0e4907b027.9
LbtCycle,0x55dc0e4907b030
LbtCycle,0x55dc0e50394001.95455
LbtCycle,0x55dc0e50394012.625
LbtCycle,0x55dc0e50394027.2
LbtCycle,0x55dc0e50394030
SlotAllocation,0x55dc0e41a910,173,4
SlotAllocation,0x55dc0e48e5e0,173,4
SlotAllocation,0x55dc0e501770,173,4
AverageBackoffDelay,0x55dc0e503940,86018000,0,0
AverageBackoffDelay,0x55dc0e41cd10,86034000,0,0
AverageBackoffDelay,0x55dc0e4907b0,86036000,0,0
SlotAllocation,0x55dc0e41a910,174,0
SlotAllocation,0x55dc0e48e5e0,174,0
SlotAllocation,0x55dc0e501770,174,0
LbtCycle,0x55dc0e41cd1001.85106
LbtCycle,0x55dc0e41cd1012.89655
LbtCycle,0x55dc0e41cd1027.36364
LbtCycle,0x55dc0e41cd1030
LbtCycle,0x55dc0e4907b001.72
LbtCycle,0x55dc0e4907b013.22222
LbtCycle,0x55dc0e4907b027.9
LbtCycle,0x55dc0e4907b030
LbtCycle,0x55dc0e50394001.95455
LbtCycle,0x55dc0e50394012.625
LbtCycle,0x55dc0e50394027.90909
LbtCycle,0x55dc0e50394030
SlotAllocation,0x55dc0e41a910,175,4
SlotAllocation,0x55dc0e48e5e0,175,4
SlotAllocation,0x55dc0e501770,175,4
AverageBackoffDelay,0x55dc0e41cd10,87002000,0,0
AverageBackoffDelay,0x55dc0e4907b0,87016000,1,0
AverageBackoffDelay,0x55dc0e503940,87018000,2,0
SlotAllocation,0x55dc0e41a910,176,0
SlotAllocation,0x55dc0e48e5e0,176,1
SlotAllocation,0x55dc0e501770,176,2
LbtCycle,0x55dc0e41cd1001.85106
LbtCycle,0x55dc0e41cd1012.93333
LbtCycle,0x55dc0e41cd1027.36364
LbtCycle,0x55dc0e41cd1030
LbtCycle,0x55dc0e4907b001.72549
LbtCycle,0x55dc0e4907b013.22222
LbtCycle,0x55dc0e4907b027.9
LbtCycle,0x55dc0e4907b030
LbtCycle,0x55dc0e50394001.95455
LbtCycle,0x55dc0e50394012.66667
LbtCycle,0x55dc0e50394027.90909
LbtCycle,0x55dc0e50394030
SlotAllocation,0x55dc0e41a910,177,4
SlotAllocation,0x55dc0e48e5e0,177,4
SlotAllocation,0x55dc0e501770,177,4
AverageBackoffDelay,0x55dc0e41cd10,88025000,1,0
AverageBackoffDelay,0x55dc0e503940,88025000,1,0
AverageBackoffDelay,0x55dc0e4907b0,88043000,0,0
SlotAllocation,0x55dc0e41a910,178,1
SlotAllocation,0x55dc0e48e5e0,178,0
SlotAllocation,0x55dc0e501770,178,1
LbtCycle,0x55dc0e41cd1001.85417
LbtCycle,0x55dc0e41cd1012.93333
LbtCycle,0x55dc0e41cd1027.36364
LbtCycle,0x55dc0e41cd1030
LbtCycle,0x55dc0e4907b001.72549
LbtCycle,0x55dc0e4907b013.22222
LbtCycle,0x55dc0e4907b028.09091
LbtCycle,0x55dc0e4907b030
LbtCycle,0x55dc0e50394001.97778
LbtCycle,0x55dc0e50394012.66667
LbtCycle,0x55dc0e50394027.90909
LbtCycle,0x55dc0e50394030
SlotAllocation,0x55dc0e41a910,179,4
SlotAllocation,0x55dc0e48e5e0,179,4
SlotAllocation,0x55dc0e501770,179,4
AverageBackoffDelay,0x55dc0e41cd10,89009000,0,0
AverageBackoffDelay,0x55dc0e4907b0,89009000,2,0
AverageBackoffDelay,0x55dc0e503940,89018000,0,0
SlotAllocation,0x55dc0e41a910,180,0
SlotAllocation,0x55dc0e48e5e0,180,2
SlotAllocation,0x55dc0e501770,180,0
LbtCycle,0x55dc0e41cd1001.85417
LbtCycle,0x55dc0e41cd1012.90323
LbtCycle,0x55dc0e41cd1027.36364
LbtCycle,0x55dc0e41cd1030
LbtCycle,0x55dc0e4907b001.73077
LbtCycle,0x55dc0e4907b013.22222
LbtCycle,0x55dc0e4907b028.09091
LbtCycle,0x55dc0e4907b030
LbtCycle,0x55dc0e50394001.97778
LbtCycle,0x55dc0e50394012.64706
LbtCycle,0x55dc0e50394027.90909
LbtCycle,0x55dc0e50394030
SlotAllocation,0x55dc0e41a910,181,4
SlotAllocation,0x55dc0e48e5e0,181,4
SlotAllocation,0x55dc0e501770,181,4
Simulation Time: +0.09001s real time: 18h, 7m, 57s.
AverageBackoffDelay,0x55dc0e41cd10,90013000,1,0
AverageBackoffDelay,0x55dc0e4907b0,90025000,0,0
AverageBackoffDelay,0x55dc0e503940,90052000,1,0
SlotAllocation,0x55dc0e41a910,182,1
SlotAllocation,0x55dc0e48e5e0,182,0
SlotAllocation,0x55dc0e501770,182,1
LbtCycle,0x55dc0e41cd1001.85417
LbtCycle,0x55dc0e41cd1012.90323
LbtCycle,0x55dc0e41cd1027.58333
LbtCycle,0x55dc0e41cd1030
LbtCycle,0x55dc0e4907b001.71698
LbtCycle,0x55dc0e4907b013.22222
LbtCycle,0x55dc0e4907b028.09091
LbtCycle,0x55dc0e4907b030
LbtCycle,0x55dc0e50394001.97826
LbtCycle,0x55dc0e50394012.64706
LbtCycle,0x55dc0e50394027.90909
LbtCycle,0x55dc0e50394030
SlotAllocation,0x55dc0e41a910,183,4
SlotAllocation,0x55dc0e48e5e0,183,4
SlotAllocation,0x55dc0e501770,183,4
AverageBackoffDelay,0x55dc0e4907b0,91011000,0,0
AverageBackoffDelay,0x55dc0e503940,91034000,0,0
AverageBackoffDelay,0x55dc0e41cd10,91043000,2,0
SlotAllocation,0x55dc0e41a910,184,2
SlotAllocation,0x55dc0e48e5e0,184,0
SlotAllocation,0x55dc0e501770,184,0
LbtCycle,0x55dc0e41cd1001.87755
LbtCycle,0x55dc0e41cd1012.90323
LbtCycle,0x55dc0e41cd1027.58333
LbtCycle,0x55dc0e41cd1030
LbtCycle,0x55dc0e4907b001.71698
LbtCycle,0x55dc0e4907b013.28571
LbtCycle,0x55dc0e4907b028.09091
LbtCycle,0x55dc0e4907b030
LbtCycle,0x55dc0e50394001.95745
LbtCycle,0x55dc0e50394012.64706
LbtCycle,0x55dc0e50394027.90909
LbtCycle,0x55dc0e50394030
SlotAllocation,0x55dc0e41a910,185,4
SlotAllocation,0x55dc0e48e5e0,185,4
SlotAllocation,0x55dc0e501770,185,4
AverageBackoffDelay,0x55dc0e503940,92002000,0,0
AverageBackoffDelay,0x55dc0e41cd10,92018000,0,0
AverageBackoffDelay,0x55dc0e4907b0,92043000,1,0
SlotAllocation,0x55dc0e41a910,186,0
SlotAllocation,0x55dc0e48e5e0,186,1
SlotAllocation,0x55dc0e501770,186,0
LbtCycle,0x55dc0e41cd1001.87755
LbtCycle,0x55dc0e41cd1012.90625
LbtCycle,0x55dc0e41cd1027.58333
LbtCycle,0x55dc0e41cd1030
LbtCycle,0x55dc0e4907b001.72222
LbtCycle,0x55dc0e4907b013.28571
LbtCycle,0x55dc0e4907b028.09091
LbtCycle,0x55dc0e4907b030
LbtCycle,0x55dc0e50394001.95745
LbtCycle,0x55dc0e50394012.65714
LbtCycle,0x55dc0e50394027.90909
LbtCycle,0x55dc0e50394030
SlotAllocation,0x55dc0e41a910,187,4
SlotAllocation,0x55dc0e48e5e0,187,4
SlotAllocation,0x55dc0e501770,187,4
AverageBackoffDelay,0x55dc0e4907b0,93027000,0,0
AverageBackoffDelay,0x55dc0e41cd10,93034000,1,0
AverageBackoffDelay,0x55dc0e503940,93034000,1,0
SlotAllocation,0x55dc0e41a910,188,1
SlotAllocation,0x55dc0e48e5e0,188,0
SlotAllocation,0x55dc0e501770,188,1
LbtCycle,0x55dc0e41cd1001.88
LbtCycle,0x55dc0e41cd1012.90625
LbtCycle,0x55dc0e41cd1027.58333
LbtCycle,0x55dc0e41cd1030
LbtCycle,0x55dc0e4907b001.72222
LbtCycle,0x55dc0e4907b013.24138
LbtCycle,0x55dc0e4907b028.09091
LbtCycle,0x55dc0e4907b030
LbtCycle,0x55dc0e50394001.95833
LbtCycle,0x55dc0e50394012.65714
LbtCycle,0x55dc0e50394027.90909
LbtCycle,0x55dc0e50394030
SlotAllocation,0x55dc0e41a910,189,4
SlotAllocation,0x55dc0e48e5e0,189,4
SlotAllocation,0x55dc0e501770,189,4
AverageBackoffDelay,0x55dc0e503940,94011000,0,0
AverageBackoffDelay,0x55dc0e4907b0,94016000,1,0
AverageBackoffDelay,0x55dc0e41cd10,94025000,0,0
SlotAllocation,0x55dc0e41a910,190,0
SlotAllocation,0x55dc0e48e5e0,190,1
SlotAllocation,0x55dc0e501770,190,0
LbtCycle,0x55dc0e41cd1001.86275
LbtCycle,0x55dc0e41cd1012.90625
LbtCycle,0x55dc0e41cd1027.58333
LbtCycle,0x55dc0e41cd1030
LbtCycle,0x55dc0e4907b001.72727
LbtCycle,0x55dc0e4907b013.24138
LbtCycle,0x55dc0e4907b028.09091
LbtCycle,0x55dc0e4907b030
LbtCycle,0x55dc0e50394001.95833
LbtCycle,0x55dc0e50394012.65714
LbtCycle,0x55dc0e50394027.91667
LbtCycle,0x55dc0e50394030
SlotAllocation,0x55dc0e41a910,191,4
SlotAllocation,0x55dc0e48e5e0,191,4
SlotAllocation,0x55dc0e501770,191,4
AverageBackoffDelay,0x55dc0e4907b0,95002000,0,0
AverageBackoffDelay,0x55dc0e41cd10,95022000,0,0
AverageBackoffDelay,0x55dc0e503940,95025000,2,0
SlotAllocation,0x55dc0e41a910,192,0
SlotAllocation,0x55dc0e48e5e0,192,0
SlotAllocation,0x55dc0e501770,192,2
LbtCycle,0x55dc0e41cd1001.86275
LbtCycle,0x55dc0e41cd1012.90625
LbtCycle,0x55dc0e41cd1027.38462
LbtCycle,0x55dc0e41cd1030
LbtCycle,0x55dc0e4907b001.72727
LbtCycle,0x55dc0e4907b013.24138
LbtCycle,0x55dc0e4907b028
LbtCycle,0x55dc0e4907b030
LbtCycle,0x55dc0e50394001.95833
LbtCycle,0x55dc0e50394012.66667
LbtCycle,0x55dc0e50394027.91667
LbtCycle,0x55dc0e50394030
SlotAllocation,0x55dc0e41a910,193,4
SlotAllocation,0x55dc0e48e5e0,193,4
SlotAllocation,0x55dc0e501770,193,4
AverageBackoffDelay,0x55dc0e41cd10,96007000,2,0
AverageBackoffDelay,0x55dc0e503940,96018000,1,0
AverageBackoffDelay,0x55dc0e4907b0,96043000,2,0
SlotAllocation,0x55dc0e41a910,194,2
SlotAllocation,0x55dc0e48e5e0,194,2
SlotAllocation,0x55dc0e501770,194,1
LbtCycle,0x55dc0e41cd1001.86275
LbtCycle,0x55dc0e41cd1012.93939
LbtCycle,0x55dc0e41cd1027.38462
LbtCycle,0x55dc0e41cd1030
LbtCycle,0x55dc0e4907b001.72727
LbtCycle,0x55dc0e4907b013.23333
LbtCycle,0x55dc0e4907b028
LbtCycle,0x55dc0e4907b030
LbtCycle,0x55dc0e50394001.97959
LbtCycle,0x55dc0e50394012.66667
LbtCycle,0x55dc0e50394027.91667
LbtCycle,0x55dc0e50394030
SlotAllocation,0x55dc0e41a910,195,4
SlotAllocation,0x55dc0e48e5e0,195,4
SlotAllocation,0x55dc0e501770,195,4
AverageBackoffDelay,0x55dc0e4907b0,97009000,1,0
AverageBackoffDelay,0x55dc0e41cd10,97034000,1,0
AverageBackoffDelay,0x55dc0e503940,97052000,0,0
SlotAllocation,0x55dc0e41a910,196,1
SlotAllocation,0x55dc0e48e5e0,196,1
SlotAllocation,0x55dc0e501770,196,0
LbtCycle,0x55dc0e41cd1001.88462
LbtCycle,0x55dc0e41cd1012.93939
LbtCycle,0x55dc0e41cd1027.38462
LbtCycle,0x55dc0e41cd1030
LbtCycle,0x55dc0e4907b001.75
LbtCycle,0x55dc0e4907b013.23333
LbtCycle,0x55dc0e4907b028
LbtCycle,0x55dc0e4907b030
LbtCycle,0x55dc0e50394001.96
LbtCycle,0x55dc0e50394012.66667
LbtCycle,0x55dc0e50394027.91667
LbtCycle,0x55dc0e50394030
SlotAllocation,0x55dc0e41a910,197,4
SlotAllocation,0x55dc0e48e5e0,197,4
SlotAllocation,0x55dc0e501770,197,4
AverageBackoffDelay,0x55dc0e41cd10,98034000,0,0
AverageBackoffDelay,0x55dc0e4907b0,98034000,0,0
AverageBackoffDelay,0x55dc0e503940,98034000,0,0
SlotAllocation,0x55dc0e41a910,198,0
SlotAllocation,0x55dc0e48e5e0,198,0
SlotAllocation,0x55dc0e501770,198,0
LbtCycle,0x55dc0e41cd1001.88462
LbtCycle,0x55dc0e41cd1012.91176
LbtCycle,0x55dc0e41cd1027.38462
LbtCycle,0x55dc0e41cd1030
LbtCycle,0x55dc0e4907b001.73684
LbtCycle,0x55dc0e4907b013.23333
LbtCycle,0x55dc0e4907b028
LbtCycle,0x55dc0e4907b030
LbtCycle,0x55dc0e50394001.94118
LbtCycle,0x55dc0e50394012.66667
LbtCycle,0x55dc0e50394027.91667
LbtCycle,0x55dc0e50394030
SlotAllocation,0x55dc0e41a910,199,4
SlotAllocation,0x55dc0e48e5e0,199,4
SlotAllocation,0x55dc0e501770,199,4
AverageBackoffDelay,0x55dc0e503940,99002000,0,0
AverageBackoffDelay,0x55dc0e41cd10,99009000,1,0
AverageBackoffDelay,0x55dc0e4907b0,99052000,0,0
SlotAllocation,0x55dc0e41a910,200,1
SlotAllocation,0x55dc0e48e5e0,200,0
SlotAllocation,0x55dc0e501770,200,0
LbtCycle,0x55dc0e41cd1001.88679
LbtCycle,0x55dc0e41cd1012.91176
LbtCycle,0x55dc0e41cd1027.38462
LbtCycle,0x55dc0e41cd1030
LbtCycle,0x55dc0e4907b001.72414
LbtCycle,0x55dc0e4907b013.23333
LbtCycle,0x55dc0e4907b028
LbtCycle,0x55dc0e4907b030
LbtCycle,0x55dc0e50394001.94118
LbtCycle,0x55dc0e50394012.7027
LbtCycle,0x55dc0e50394027.91667
LbtCycle,0x55dc0e50394030
SlotAllocation,0x55dc0e41a910,201,4
SlotAllocation,0x55dc0e48e5e0,201,4
SlotAllocation,0x55dc0e501770,201,4
AverageBackoffDelay,0x55dc0e4907b0,100002000,0,0
Simulation Time: +0.10001s real time: 18h, 7m, 57s.
AverageBackoffDelay,0x55dc0e41cd10,100025000,0,0
AverageBackoffDelay,0x55dc0e503940,100025000,1,0
SlotAllocation,0x55dc0e41a910,202,0
SlotAllocation,0x55dc0e48e5e0,202,0
SlotAllocation,0x55dc0e501770,202,1
LbtCycle,0x55dc0e41cd1001.88679
LbtCycle,0x55dc0e41cd1012.88571
LbtCycle,0x55dc0e41cd1027.38462
LbtCycle,0x55dc0e41cd1030
LbtCycle,0x55dc0e4907b001.72414
LbtCycle,0x55dc0e4907b013.25806
LbtCycle,0x55dc0e4907b028
LbtCycle,0x55dc0e4907b030
LbtCycle,0x55dc0e50394001.94231
LbtCycle,0x55dc0e50394012.7027
LbtCycle,0x55dc0e50394027.91667
LbtCycle,0x55dc0e50394030
SlotAllocation,0x55dc0e41a910,203,4
SlotAllocation,0x55dc0e48e5e0,203,4
SlotAllocation,0x55dc0e501770,203,4
AverageBackoffDelay,0x55dc0e41cd10,101018000,1,0
AverageBackoffDelay,0x55dc0e4907b0,101020000,1,0
AverageBackoffDelay,0x55dc0e503940,101020000,0,0
SlotAllocation,0x55dc0e41a910,204,1
SlotAllocation,0x55dc0e48e5e0,204,1
SlotAllocation,0x55dc0e501770,204,0
LbtCycle,0x55dc0e41cd1001.88889
LbtCycle,0x55dc0e41cd1012.88571
LbtCycle,0x55dc0e41cd1027.38462
LbtCycle,0x55dc0e41cd1030
LbtCycle,0x55dc0e4907b001.72414
LbtCycle,0x55dc0e4907b013.25806
LbtCycle,0x55dc0e4907b027.84615
LbtCycle,0x55dc0e4907b030
LbtCycle,0x55dc0e50394001.94231
LbtCycle,0x55dc0e50394012.7027
LbtCycle,0x55dc0e50394027.84615
LbtCycle,0x55dc0e50394030
SlotAllocation,0x55dc0e41a910,205,4
SlotAllocation,0x55dc0e48e5e0,205,4
SlotAllocation,0x55dc0e501770,205,4
AverageBackoffDelay,0x55dc0e503940,102034000,2,0
AverageBackoffDelay,0x55dc0e41cd10,102043000,0,0
AverageBackoffDelay,0x55dc0e4907b0,102043000,2,0
SlotAllocation,0x55dc0e41a910,206,0
SlotAllocation,0x55dc0e48e5e0,206,2
SlotAllocation,0x55dc0e501770,206,2
LbtCycle,0x55dc0e41cd1001.87273
LbtCycle,0x55dc0e41cd1012.88571
LbtCycle,0x55dc0e41cd1027.38462
LbtCycle,0x55dc0e41cd1030
LbtCycle,0x55dc0e4907b001.74576
LbtCycle,0x55dc0e4907b013.25806
LbtCycle,0x55dc0e4907b027.84615
LbtCycle,0x55dc0e4907b030
LbtCycle,0x55dc0e50394001.94231
LbtCycle,0x55dc0e50394012.71053
LbtCycle,0x55dc0e50394027.84615
LbtCycle,0x55dc0e50394030
SlotAllocation,0x55dc0e41a910,207,4
SlotAllocation,0x55dc0e48e5e0,207,4
SlotAllocation,0x55dc0e501770,207,4
AverageBackoffDelay,0x55dc0e41cd10,103009000,0,0
AverageBackoffDelay,0x55dc0e4907b0,103009000,0,0
AverageBackoffDelay,0x55dc0e503940,103009000,1,0
SlotAllocation,0x55dc0e41a910,208,0
SlotAllocation,0x55dc0e48e5e0,208,0
SlotAllocation,0x55dc0e501770,208,1
LbtCycle,0x55dc0e41cd1001.87273
LbtCycle,0x55dc0e41cd1012.88889
LbtCycle,0x55dc0e41cd1027.38462
LbtCycle,0x55dc0e41cd1030
LbtCycle,0x55dc0e4907b001.74576
LbtCycle,0x55dc0e4907b013.25
LbtCycle,0x55dc0e4907b027.84615
LbtCycle,0x55dc0e4907b030
LbtCycle,0x55dc0e50394001.96226
LbtCycle,0x55dc0e50394012.71053
LbtCycle,0x55dc0e50394027.84615
LbtCycle,0x55dc0e50394030
SlotAllocation,0x55dc0e41a910,209,4
SlotAllocation,0x55dc0e48e5e0,209,4
SlotAllocation,0x55dc0e501770,209,4
AverageBackoffDelay,0x55dc0e41cd10,104025000,1,0
AverageBackoffDelay,0x55dc0e4907b0,104025000,1,0
AverageBackoffDelay,0x55dc0e503940,104052000,0,0
SlotAllocation,0x55dc0e41a910,210,1
SlotAllocation,0x55dc0e48e5e0,210,1
SlotAllocation,0x55dc0e501770,210,0
LbtCycle,0x55dc0e41cd1001.87273
LbtCycle,0x55dc0e41cd1012.83784
LbtCycle,0x55dc0e41cd1027.38462
LbtCycle,0x55dc0e41cd1030
LbtCycle,0x55dc0e4907b001.75
LbtCycle,0x55dc0e4907b013.25
LbtCycle,0x55dc0e4907b027.84615
LbtCycle,0x55dc0e4907b030
LbtCycle,0x55dc0e50394001.94444
LbtCycle,0x55dc0e50394012.71053
LbtCycle,0x55dc0e50394027.84615
LbtCycle,0x55dc0e50394030
SlotAllocation,0x55dc0e41a910,211,4
SlotAllocation,0x55dc0e48e5e0,211,4
SlotAllocation,0x55dc0e501770,211,4
AverageBackoffDelay,0x55dc0e4907b0,105002000,0,0
AverageBackoffDelay,0x55dc0e41cd10,105027000,1,0
AverageBackoffDelay,0x55dc0e503940,105027000,0,0
SlotAllocation,0x55dc0e41a910,212,1
SlotAllocation,0x55dc0e48e5e0,212,0
SlotAllocation,0x55dc0e501770,212,0
LbtCycle,0x55dc0e41cd1001.89286
LbtCycle,0x55dc0e41cd1012.83784
LbtCycle,0x55dc0e41cd1027.38462
LbtCycle,0x55dc0e41cd1030
LbtCycle,0x55dc0e4907b001.75
LbtCycle,0x55dc0e4907b013.25
LbtCycle,0x55dc0e4907b027.57143
LbtCycle,0x55dc0e4907b030
LbtCycle,0x55dc0e50394001.94444
LbtCycle,0x55dc0e50394012.71053
LbtCycle,0x55dc0e50394027.57143
LbtCycle,0x55dc0e50394030
SlotAllocation,0x55dc0e41a910,213,4
SlotAllocation,0x55dc0e48e5e0,213,4
SlotAllocation,0x55dc0e501770,213,4
AverageBackoffDelay,0x55dc0e4907b0,106007000,2,0
AverageBackoffDelay,0x55dc0e503940,106009000,2,0
AverageBackoffDelay,0x55dc0e41cd10,106029000,0,0
SlotAllocation,0x55dc0e41a910,214,0
SlotAllocation,0x55dc0e48e5e0,214,2
SlotAllocation,0x55dc0e501770,214,2
LbtCycle,0x55dc0e41cd1001.89286
LbtCycle,0x55dc0e41cd1012.83784
LbtCycle,0x55dc0e41cd1027.64286
LbtCycle,0x55dc0e41cd1030
LbtCycle,0x55dc0e4907b001.75
LbtCycle,0x55dc0e4907b013.24242
LbtCycle,0x55dc0e4907b027.57143
LbtCycle,0x55dc0e4907b030
LbtCycle,0x55dc0e50394001.94444
LbtCycle,0x55dc0e50394012.74359
LbtCycle,0x55dc0e50394027.57143
LbtCycle,0x55dc0e50394030
SlotAllocation,0x55dc0e41a910,215,4
SlotAllocation,0x55dc0e48e5e0,215,4
SlotAllocation,0x55dc0e501770,215,4
AverageBackoffDelay,0x55dc0e41cd10,107005000,2,0
AverageBackoffDelay,0x55dc0e503940,107007000,1,0
AverageBackoffDelay,0x55dc0e4907b0,107034000,1,0
SlotAllocation,0x55dc0e41a910,216,2
SlotAllocation,0x55dc0e48e5e0,216,1
SlotAllocation,0x55dc0e501770,216,1
LbtCycle,0x55dc0e41cd1001.89286
LbtCycle,0x55dc0e41cd1012.84211
LbtCycle,0x55dc0e41cd1027.64286
LbtCycle,0x55dc0e41cd1030
LbtCycle,0x55dc0e4907b001.77049
LbtCycle,0x55dc0e4907b013.24242
LbtCycle,0x55dc0e4907b027.57143
LbtCycle,0x55dc0e4907b030
LbtCycle,0x55dc0e50394001.96364
LbtCycle,0x55dc0e50394012.74359
LbtCycle,0x55dc0e50394027.57143
LbtCycle,0x55dc0e50394030
SlotAllocation,0x55dc0e41a910,217,4
SlotAllocation,0x55dc0e48e5e0,217,4
SlotAllocation,0x55dc0e501770,217,4
AverageBackoffDelay,0x55dc0e41cd10,108009000,1,0
AverageBackoffDelay,0x55dc0e503940,108025000,0,0
AverageBackoffDelay,0x55dc0e4907b0,108036000,0,0
SlotAllocation,0x55dc0e41a910,218,1
SlotAllocation,0x55dc0e48e5e0,218,0
SlotAllocation,0x55dc0e501770,218,0
LbtCycle,0x55dc0e41cd1001.91228
LbtCycle,0x55dc0e41cd1012.84211
LbtCycle,0x55dc0e41cd1027.64286
LbtCycle,0x55dc0e41cd1030
LbtCycle,0x55dc0e4907b001.77049
LbtCycle,0x55dc0e4907b013.20588
LbtCycle,0x55dc0e4907b027.57143
LbtCycle,0x55dc0e4907b030
LbtCycle,0x55dc0e50394001.94643
LbtCycle,0x55dc0e50394012.74359
LbtCycle,0x55dc0e50394027.57143
LbtCycle,0x55dc0e50394030
SlotAllocation,0x55dc0e41a910,219,4
SlotAllocation,0x55dc0e48e5e0,219,4
SlotAllocation,0x55dc0e501770,219,4
AverageBackoffDelay,0x55dc0e4907b0,109016000,1,0
AverageBackoffDelay,0x55dc0e41cd10,109052000,0,0
AverageBackoffDelay,0x55dc0e503940,109052000,0,0
SlotAllocation,0x55dc0e41a910,220,0
SlotAllocation,0x55dc0e48e5e0,220,1
SlotAllocation,0x55dc0e501770,220,0
LbtCycle,0x55dc0e41cd1001.89655
LbtCycle,0x55dc0e41cd1012.84211
LbtCycle,0x55dc0e41cd1027.64286
LbtCycle,0x55dc0e41cd1030
LbtCycle,0x55dc0e4907b001.77419
LbtCycle,0x55dc0e4907b013.20588
LbtCycle,0x55dc0e4907b027.57143
LbtCycle,0x55dc0e4907b030
LbtCycle,0x55dc0e50394001.92982
LbtCycle,0x55dc0e50394012.74359
LbtCycle,0x55dc0e50394027.57143
LbtCycle,0x55dc0e50394030
SlotAllocation,0x55dc0e41a910,221,4
SlotAllocation,0x55dc0e48e5e0,221,4
SlotAllocation,0x55dc0e501770,221,4
AverageBackoffDelay,0x55dc0e503940,110002000,0,0
Simulation Time: +0.11001s real time: 18h, 7m, 58s.
AverageBackoffDelay,0x55dc0e41cd10,110034000,0,0
AverageBackoffDelay,0x55dc0e4907b0,110034000,0,0
SlotAllocation,0x55dc0e41a910,222,0
SlotAllocation,0x55dc0e48e5e0,222,0
SlotAllocation,0x55dc0e501770,222,0
LbtCycle,0x55dc0e41cd1001.88136
LbtCycle,0x55dc0e41cd1012.84211
LbtCycle,0x55dc0e41cd1027.64286
LbtCycle,0x55dc0e41cd1030
LbtCycle,0x55dc0e4907b001.77419
LbtCycle,0x55dc0e4907b013.17143
LbtCycle,0x55dc0e4907b027.57143
LbtCycle,0x55dc0e4907b030
LbtCycle,0x55dc0e50394001.92982
LbtCycle,0x55dc0e50394012.775
LbtCycle,0x55dc0e50394027.57143
LbtCycle,0x55dc0e50394030
SlotAllocation,0x55dc0e41a910,223,4
SlotAllocation,0x55dc0e48e5e0,223,4
SlotAllocation,0x55dc0e501770,223,4
AverageBackoffDelay,0x55dc0e41cd10,111002000,0,0
AverageBackoffDelay,0x55dc0e503940,111007000,1,0
AverageBackoffDelay,0x55dc0e4907b0,111009000,1,0
SlotAllocation,0x55dc0e41a910,224,0
SlotAllocation,0x55dc0e48e5e0,224,1
SlotAllocation,0x55dc0e501770,224,1
LbtCycle,0x55dc0e41cd1001.88136
LbtCycle,0x55dc0e41cd1012.87179
LbtCycle,0x55dc0e41cd1027.64286
LbtCycle,0x55dc0e41cd1030
LbtCycle,0x55dc0e4907b001.77778
LbtCycle,0x55dc0e4907b013.17143
LbtCycle,0x55dc0e4907b027.57143
LbtCycle,0x55dc0e4907b030
LbtCycle,0x55dc0e50394001.92982
LbtCycle,0x55dc0e50394012.775
LbtCycle,0x55dc0e50394027.46667
LbtCycle,0x55dc0e50394030
SlotAllocation,0x55dc0e41a910,225,4
SlotAllocation,0x55dc0e48e5e0,225,4
SlotAllocation,0x55dc0e501770,225,4
AverageBackoffDelay,0x55dc0e41cd10,112025000,1,0
AverageBackoffDelay,0x55dc0e503940,112025000,2,0
AverageBackoffDelay,0x55dc0e4907b0,112034000,0,0
SlotAllocation,0x55dc0e41a910,226,1
SlotAllocation,0x55dc0e48e5e0,226,0
SlotAllocation,0x55dc0e501770,226,2
LbtCycle,0x55dc0e41cd1001.88333
LbtCycle,0x55dc0e41cd1012.87179
LbtCycle,0x55dc0e41cd1027.64286
LbtCycle,0x55dc0e41cd1030
LbtCycle,0x55dc0e4907b001.76562
LbtCycle,0x55dc0e4907b013.17143
LbtCycle,0x55dc0e4907b027.57143
LbtCycle,0x55dc0e4907b030
LbtCycle,0x55dc0e50394001.92982
LbtCycle,0x55dc0e50394012.7561
LbtCycle,0x55dc0e50394027.46667
LbtCycle,0x55dc0e50394030
SlotAllocation,0x55dc0e41a910,227,4
SlotAllocation,0x55dc0e48e5e0,227,4
SlotAllocation,0x55dc0e501770,227,4
AverageBackoffDelay,0x55dc0e4907b0,113025000,0,0
AverageBackoffDelay,0x55dc0e503940,113027000,1,0
AverageBackoffDelay,0x55dc0e41cd10,113047000,0,0
SlotAllocation,0x55dc0e41a910,228,0
SlotAllocation,0x55dc0e48e5e0,228,0
SlotAllocation,0x55dc0e501770,228,1
LbtCycle,0x55dc0e41cd1001.88333
LbtCycle,0x55dc0e41cd1012.87179
LbtCycle,0x55dc0e41cd1027.6
LbtCycle,0x55dc0e41cd1030
LbtCycle,0x55dc0e4907b001.75385
LbtCycle,0x55dc0e4907b013.17143
LbtCycle,0x55dc0e4907b027.57143
LbtCycle,0x55dc0e4907b030
LbtCycle,0x55dc0e50394001.96552
LbtCycle,0x55dc0e50394012.7561
LbtCycle,0x55dc0e50394027.46667
LbtCycle,0x55dc0e50394030
SlotAllocation,0x55dc0e41a910,229,4
SlotAllocation,0x55dc0e48e5e0,229,4
SlotAllocation,0x55dc0e501770,229,4
AverageBackoffDelay,0x55dc0e41cd10,114005000,2,0
AverageBackoffDelay,0x55dc0e4907b0,114025000,0,0
AverageBackoffDelay,0x55dc0e503940,114043000,0,0
SlotAllocation,0x55dc0e41a910,230,2
SlotAllocation,0x55dc0e48e5e0,230,0
SlotAllocation,0x55dc0e501770,230,0
LbtCycle,0x55dc0e41cd1001.88525
LbtCycle,0x55dc0e41cd1012.87179
LbtCycle,0x55dc0e41cd1027.6
LbtCycle,0x55dc0e41cd1030
LbtCycle,0x55dc0e4907b001.74242
LbtCycle,0x55dc0e4907b013.17143
LbtCycle,0x55dc0e4907b027.57143
LbtCycle,0x55dc0e4907b030
LbtCycle,0x55dc0e50394001.96552
LbtCycle,0x55dc0e50394012.7561
LbtCycle,0x55dc0e50394027.1875
LbtCycle,0x55dc0e50394030
SlotAllocation,0x55dc0e41a910,231,4
SlotAllocation,0x55dc0e48e5e0,231,4
SlotAllocation,0x55dc0e501770,231,4
AverageBackoffDelay,0x55dc0e4907b0,115004000,0,0
AverageBackoffDelay,0x55dc0e503940,115009000,2,0
AverageBackoffDelay,0x55dc0e41cd10,115011000,0,0
SlotAllocation,0x55dc0e41a910,232,0
SlotAllocation,0x55dc0e48e5e0,232,0
SlotAllocation,0x55dc0e501770,232,2
LbtCycle,0x55dc0e41cd1001.88525
LbtCycle,0x55dc0e41cd1012.9
LbtCycle,0x55dc0e41cd1027.6
LbtCycle,0x55dc0e41cd1030
LbtCycle,0x55dc0e4907b001.74242
LbtCycle,0x55dc0e4907b013.22222
LbtCycle,0x55dc0e4907b027.57143
LbtCycle,0x55dc0e4907b030
LbtCycle,0x55dc0e50394001.9661
LbtCycle,0x55dc0e50394012.7561
LbtCycle,0x55dc0e50394027.1875
LbtCycle,0x55dc0e50394030
SlotAllocation,0x55dc0e41a910,233,4
SlotAllocation,0x55dc0e48e5e0,233,4
SlotAllocation,0x55dc0e501770,233,4
AverageBackoffDelay,0x55dc0e41cd10,116034000,1,0
AverageBackoffDelay,0x55dc0e503940,116043000,0,0
AverageBackoffDelay,0x55dc0e4907b0,116052000,1,0
SlotAllocation,0x55dc0e41a910,234,1
SlotAllocation,0x55dc0e48e5e0,234,1
SlotAllocation,0x55dc0e501770,234,0
LbtCycle,0x55dc0e41cd1001.88525
LbtCycle,0x55dc0e41cd1012.85366
LbtCycle,0x55dc0e41cd1027.6
LbtCycle,0x55dc0e41cd1030
LbtCycle,0x55dc0e4907b001.74627
LbtCycle,0x55dc0e4907b013.22222
LbtCycle,0x55dc0e4907b027.57143
LbtCycle,0x55dc0e4907b030
LbtCycle,0x55dc0e50394001.95
LbtCycle,0x55dc0e50394012.7561
LbtCycle,0x55dc0e50394027.1875
LbtCycle,0x55dc0e50394030
SlotAllocation,0x55dc0e41a910,235,4
SlotAllocation,0x55dc0e48e5e0,235,4
SlotAllocation,0x55dc0e501770,235,4
AverageBackoffDelay,0x55dc0e41cd10,117009000,1,0
AverageBackoffDelay,0x55dc0e503940,117018000,0,0
AverageBackoffDelay,0x55dc0e4907b0,117027000,0,0
SlotAllocation,0x55dc0e41a910,236,1
SlotAllocation,0x55dc0e48e5e0,236,0
SlotAllocation,0x55dc0e501770,236,0
LbtCycle,0x55dc0e41cd1001.90323
LbtCycle,0x55dc0e41cd1012.85366
LbtCycle,0x55dc0e41cd1027.6
LbtCycle,0x55dc0e41cd1030
LbtCycle,0x55dc0e4907b001.74627
LbtCycle,0x55dc0e4907b013.18919
LbtCycle,0x55dc0e4907b027.57143
LbtCycle,0x55dc0e4907b030
LbtCycle,0x55dc0e50394001.95
LbtCycle,0x55dc0e50394012.80952
LbtCycle,0x55dc0e50394027.1875
LbtCycle,0x55dc0e50394030
SlotAllocation,0x55dc0e41a910,237,4
SlotAllocation,0x55dc0e48e5e0,237,4
SlotAllocation,0x55dc0e501770,237,4
AverageBackoffDelay,0x55dc0e4907b0,118025000,1,0
AverageBackoffDelay,0x55dc0e41cd10,118025000,0,0
AverageBackoffDelay,0x55dc0e503940,118034000,1,0
SlotAllocation,0x55dc0e41a910,238,0
SlotAllocation,0x55dc0e48e5e0,238,1
SlotAllocation,0x55dc0e501770,238,1
LbtCycle,0x55dc0e41cd1001.88889
LbtCycle,0x55dc0e41cd1012.85366
LbtCycle,0x55dc0e41cd1027.6
LbtCycle,0x55dc0e41cd1030
LbtCycle,0x55dc0e4907b001.75
LbtCycle,0x55dc0e4907b013.18919
LbtCycle,0x55dc0e4907b027.57143
LbtCycle,0x55dc0e4907b030
LbtCycle,0x55dc0e50394001.95082
LbtCycle,0x55dc0e50394012.80952
LbtCycle,0x55dc0e50394027.1875
LbtCycle,0x55dc0e50394030
SlotAllocation,0x55dc0e41a910,239,4
SlotAllocation,0x55dc0e48e5e0,239,4
SlotAllocation,0x55dc0e501770,239,4
AverageBackoffDelay,0x55dc0e503940,119029000,0,0
AverageBackoffDelay,0x55dc0e41cd10,119034000,0,0
AverageBackoffDelay,0x55dc0e4907b0,119052000,0,0
SlotAllocation,0x55dc0e41a910,240,0
SlotAllocation,0x55dc0e48e5e0,240,0
SlotAllocation,0x55dc0e501770,240,0
LbtCycle,0x55dc0e41cd1001.875
LbtCycle,0x55dc0e41cd1012.85366
LbtCycle,0x55dc0e41cd1027.6
LbtCycle,0x55dc0e41cd1030
LbtCycle,0x55dc0e4907b001.73913
LbtCycle,0x55dc0e4907b013.18919
LbtCycle,0x55dc0e4907b027.57143
LbtCycle,0x55dc0e4907b030
LbtCycle,0x55dc0e50394001.95082
LbtCycle,0x55dc0e50394012.80952
LbtCycle,0x55dc0e50394027.05882
LbtCycle,0x55dc0e50394030
SlotAllocation,0x55dc0e41a910,241,4
SlotAllocation,0x55dc0e48e5e0,241,4
SlotAllocation,0x55dc0e501770,241,4
AverageBackoffDelay,0x55dc0e41cd10,120002000,0,0
Simulation Time: +0.12001s real time: 18h, 8m, 14s.
AverageBackoffDelay,0x55dc0e503940,120014000,2,0
AverageBackoffDelay,0x55dc0e4907b0,120018000,0,0
SlotAllocation,0x55dc0e41a910,242,0
SlotAllocation,0x55dc0e48e5e0,242,0
SlotAllocation,0x55dc0e501770,242,2
